2018-11-26 21:07:04,323 INFO [Logback MySimpleSocketServer (port 9000)] c.q.l.c.n.SimpleSocketServer Listening on port 9000
2018-11-26 21:07:04,325 INFO [Logback MySimpleSocketServer (port 9000)] c.q.l.c.n.SimpleSocketServer Waiting to accept a new client.
2018-11-26 21:07:08,993 INFO [Logback MySimpleSocketServer (port 9000)] c.q.l.c.n.SimpleSocketServer Connected to client at /127.0.0.1
2018-11-26 21:07:08,993 INFO [Logback MySimpleSocketServer (port 9000)] c.q.l.c.n.SimpleSocketServer Starting new socket node.
2018-11-26 21:07:08,994 INFO [Logback MySimpleSocketServer (port 9000)] c.q.l.c.n.SimpleSocketServer Waiting to accept a new client.
2018-11-26 21:07:09,034 INFO [main] c.d.l.s.s.c.SocketAppenderClientStudy test 1543237629033
2018-11-26 21:07:09,034 INFO [Thread-0] c.d.l.s.s.c.SocketAppenderClientStudy test 1543237629033
2018-11-26 21:07:09,838 INFO [main] c.d.l.s.s.c.SocketAppenderClientStudy test 1543237629838
2018-11-26 21:07:09,938 INFO [Thread-0] c.d.l.s.s.c.SocketAppenderClientStudy test 1543237629938
2018-11-26 21:07:10,138 INFO [main] c.d.l.s.s.c.SocketAppenderClientStudy test 1543237630138
2018-11-26 21:07:10,438 INFO [Thread-0] c.d.l.s.s.c.SocketAppenderClientStudy test 1543237630438
2018-11-26 21:07:10,538 INFO [main] c.d.l.s.s.c.SocketAppenderClientStudy test 1543237630538
2018-11-26 21:07:10,639 INFO [Thread-0] c.d.l.s.s.c.SocketAppenderClientStudy test 1543237630639
2018-11-26 21:07:10,840 INFO [Thread-0] c.d.l.s.s.c.SocketAppenderClientStudy test 1543237630840
2018-11-26 21:07:10,938 INFO [main] c.d.l.s.s.c.SocketAppenderClientStudy test 1543237630938
2018-11-26 21:07:11,138 INFO [main] c.d.l.s.s.c.SocketAppenderClientStudy test 1543237631138
2018-11-26 21:07:11,138 INFO [main] c.d.l.s.s.c.SocketAppenderClientStudy test 1543237631138
2018-11-26 21:07:11,540 INFO [Thread-0] c.d.l.s.s.c.SocketAppenderClientStudy test 1543237631540
2018-11-26 21:07:11,639 INFO [main] c.d.l.s.s.c.SocketAppenderClientStudy test 1543237631639
2018-11-26 21:07:12,341 INFO [Thread-0] c.d.l.s.s.c.SocketAppenderClientStudy test 1543237632341
2018-11-26 21:07:12,440 INFO [main] c.d.l.s.s.c.SocketAppenderClientStudy test 1543237632440
2018-11-26 21:07:12,641 INFO [main] c.d.l.s.s.c.SocketAppenderClientStudy test 1543237632641
2018-11-26 21:07:13,041 INFO [Thread-0] c.d.l.s.s.c.SocketAppenderClientStudy test 1543237633041
2018-11-26 21:07:13,041 INFO [Thread-0] c.d.l.s.s.c.SocketAppenderClientStudy test 1543237633041
2018-11-26 21:07:13,341 INFO [main] c.d.l.s.s.c.SocketAppenderClientStudy test 1543237633341
2018-11-26 21:07:13,641 INFO [Thread-0] c.d.l.s.s.c.SocketAppenderClientStudy test 1543237633641
2018-11-26 21:07:13,742 INFO [main] c.d.l.s.s.c.SocketAppenderClientStudy test 1543237633742
2018-11-26 21:07:14,042 INFO [Thread-0] c.d.l.s.s.c.SocketAppenderClientStudy test 1543237634042
2018-11-26 21:07:14,442 INFO [main] c.d.l.s.s.c.SocketAppenderClientStudy test 1543237634442
2018-11-26 21:07:14,443 INFO [Thread-0] c.d.l.s.s.c.SocketAppenderClientStudy test 1543237634443
2018-11-26 21:07:14,943 INFO [Thread-0] c.d.l.s.s.c.SocketAppenderClientStudy test 1543237634943
2018-11-26 21:07:15,143 INFO [main] c.d.l.s.s.c.SocketAppenderClientStudy test 1543237635143
2018-11-26 21:07:15,444 INFO [Thread-0] c.d.l.s.s.c.SocketAppenderClientStudy test 1543237635444
2018-11-26 21:07:15,743 INFO [main] c.d.l.s.s.c.SocketAppenderClientStudy test 1543237635743
2018-11-26 21:07:15,743 INFO [main] c.d.l.s.s.c.SocketAppenderClientStudy test 1543237635743
2018-11-26 21:07:15,743 INFO [main] c.d.l.s.s.c.SocketAppenderClientStudy test 1543237635743
2018-11-26 21:07:15,845 INFO [Thread-0] c.d.l.s.s.c.SocketAppenderClientStudy test 1543237635845
2018-11-26 21:07:15,944 INFO [main] c.d.l.s.s.c.SocketAppenderClientStudy test 1543237635944
2018-11-26 21:07:16,144 INFO [main] c.d.l.s.s.c.SocketAppenderClientStudy test 1543237636144
2018-11-26 21:07:16,245 INFO [Thread-0] c.d.l.s.s.c.SocketAppenderClientStudy test 1543237636245
2018-11-26 21:07:16,245 INFO [Thread-0] c.d.l.s.s.c.SocketAppenderClientStudy test 1543237636245
2018-11-26 21:07:16,245 INFO [Thread-0] c.d.l.s.s.c.SocketAppenderClientStudy test 1543237636245
2018-11-26 21:07:16,245 INFO [Thread-0] c.d.l.s.s.c.SocketAppenderClientStudy test 1543237636245
2018-11-26 21:07:16,546 INFO [main] c.d.l.s.s.c.SocketAppenderClientStudy test 1543237636546
2018-11-26 21:07:16,646 INFO [main] c.d.l.s.s.c.SocketAppenderClientStudy test 1543237636646
2018-11-26 21:07:16,746 INFO [Thread-0] c.d.l.s.s.c.SocketAppenderClientStudy test 1543237636746
2018-11-26 21:07:17,146 INFO [Thread-0] c.d.l.s.s.c.SocketAppenderClientStudy test 1543237637146
2018-11-26 21:07:17,546 INFO [main] c.d.l.s.s.c.SocketAppenderClientStudy test 1543237637546
2018-11-26 21:07:17,546 INFO [main] c.d.l.s.s.c.SocketAppenderClientStudy test 1543237637546
2018-11-26 21:07:17,847 INFO [Thread-0] c.d.l.s.s.c.SocketAppenderClientStudy test 1543237637847
2018-11-26 21:07:18,146 INFO [main] c.d.l.s.s.c.SocketAppenderClientStudy test 1543237638146
2018-11-26 21:07:18,547 INFO [main] c.d.l.s.s.c.SocketAppenderClientStudy test 1543237638547
2018-11-26 21:07:18,648 INFO [Thread-0] c.d.l.s.s.c.SocketAppenderClientStudy test 1543237638648
2018-11-26 21:07:18,948 INFO [Thread-0] c.d.l.s.s.c.SocketAppenderClientStudy test 1543237638948
2018-11-26 21:07:18,948 INFO [Thread-0] c.d.l.s.s.c.SocketAppenderClientStudy test 1543237638948
2018-11-26 21:07:19,447 INFO [main] c.d.l.s.s.c.SocketAppenderClientStudy test 1543237639447
2018-11-26 21:07:19,748 INFO [Thread-0] c.d.l.s.s.c.SocketAppenderClientStudy test 1543237639748
2018-11-26 21:07:20,149 INFO [main] c.d.l.s.s.c.SocketAppenderClientStudy test 1543237640149
2018-11-26 21:07:20,548 INFO [Thread-0] c.d.l.s.s.c.SocketAppenderClientStudy test 1543237640548
2018-11-26 21:07:20,649 INFO [main] c.d.l.s.s.c.SocketAppenderClientStudy test 1543237640649
2018-11-26 21:07:21,348 INFO [Thread-0] c.d.l.s.s.c.SocketAppenderClientStudy test 1543237641348
2018-11-26 21:07:21,349 INFO [main] c.d.l.s.s.c.SocketAppenderClientStudy test 1543237641349
2018-11-26 21:07:21,449 INFO [main] c.d.l.s.s.c.SocketAppenderClientStudy test 1543237641449
2018-11-26 21:07:21,450 INFO [main] c.d.l.s.s.c.SocketAppenderClientStudy test 1543237641450
2018-11-26 21:07:22,148 INFO [Thread-0] c.d.l.s.s.c.SocketAppenderClientStudy test 1543237642148
2018-11-26 21:07:22,250 INFO [main] c.d.l.s.s.c.SocketAppenderClientStudy test 1543237642250
2018-11-26 21:07:22,349 INFO [Thread-0] c.d.l.s.s.c.SocketAppenderClientStudy test 1543237642349
2018-11-26 21:07:22,950 INFO [main] c.d.l.s.s.c.SocketAppenderClientStudy test 1543237642950
2018-11-26 21:07:23,052 INFO [Thread-0] c.d.l.s.s.c.SocketAppenderClientStudy test 1543237643052
2018-11-26 21:07:23,450 INFO [main] c.d.l.s.s.c.SocketAppenderClientStudy test 1543237643450
2018-11-26 21:07:23,451 INFO [main] c.d.l.s.s.c.SocketAppenderClientStudy test 1543237643451
2018-11-26 21:07:23,753 INFO [Thread-0] c.d.l.s.s.c.SocketAppenderClientStudy test 1543237643753
2018-11-26 21:07:24,152 INFO [main] c.d.l.s.s.c.SocketAppenderClientStudy test 1543237644152
2018-11-26 21:07:24,153 INFO [Thread-0] c.d.l.s.s.c.SocketAppenderClientStudy test 1543237644153
2018-11-26 21:07:24,252 INFO [main] c.d.l.s.s.c.SocketAppenderClientStudy test 1543237644252
2018-11-26 21:07:24,653 INFO [main] c.d.l.s.s.c.SocketAppenderClientStudy test 1543237644653
2018-11-26 21:07:25,053 INFO [Thread-0] c.d.l.s.s.c.SocketAppenderClientStudy test 1543237645053
2018-11-26 21:07:25,353 INFO [main] c.d.l.s.s.c.SocketAppenderClientStudy test 1543237645353
2018-11-26 21:07:25,653 INFO [Thread-0] c.d.l.s.s.c.SocketAppenderClientStudy test 1543237645653
2018-11-26 21:07:25,653 INFO [main] c.d.l.s.s.c.SocketAppenderClientStudy test 1543237645653
2018-11-26 21:07:25,754 INFO [Thread-0] c.d.l.s.s.c.SocketAppenderClientStudy test 1543237645754
2018-11-26 21:07:26,353 INFO [main] c.d.l.s.s.c.SocketAppenderClientStudy test 1543237646353
2018-11-26 21:07:26,554 INFO [Thread-0] c.d.l.s.s.c.SocketAppenderClientStudy test 1543237646554
2018-11-26 21:07:26,554 INFO [main] c.d.l.s.s.c.SocketAppenderClientStudy test 1543237646554
2018-11-26 21:07:26,554 INFO [Thread-0] c.d.l.s.s.c.SocketAppenderClientStudy test 1543237646554
2018-11-26 21:07:26,554 INFO [Thread-0] c.d.l.s.s.c.SocketAppenderClientStudy test 1543237646554
2018-11-26 21:07:27,254 INFO [main] c.d.l.s.s.c.SocketAppenderClientStudy test 1543237647254
2018-11-26 21:07:27,455 INFO [Thread-0] c.d.l.s.s.c.SocketAppenderClientStudy test 1543237647455
2018-11-26 21:07:27,455 INFO [Thread-0] c.d.l.s.s.c.SocketAppenderClientStudy test 1543237647455
2018-11-26 21:07:27,556 INFO [Thread-0] c.d.l.s.s.c.SocketAppenderClientStudy test 1543237647556
2018-11-26 21:07:27,955 INFO [main] c.d.l.s.s.c.SocketAppenderClientStudy test 1543237647955
2018-11-26 21:07:28,055 INFO [main] c.d.l.s.s.c.SocketAppenderClientStudy test 1543237648055
2018-11-26 21:07:28,356 INFO [Thread-0] c.d.l.s.s.c.SocketAppenderClientStudy test 1543237648356
2018-11-26 21:07:28,755 INFO [main] c.d.l.s.s.c.SocketAppenderClientStudy test 1543237648755
2018-11-26 21:07:28,856 INFO [main] c.d.l.s.s.c.SocketAppenderClientStudy test 1543237648856
2018-11-26 21:07:29,157 INFO [Thread-0] c.d.l.s.s.c.SocketAppenderClientStudy test 1543237649157
2018-11-26 21:07:29,557 INFO [Thread-0] c.d.l.s.s.c.SocketAppenderClientStudy test 1543237649557
2018-11-26 21:07:29,557 INFO [Thread-0] c.d.l.s.s.c.SocketAppenderClientStudy test 1543237649557
2018-11-26 21:07:29,756 INFO [main] c.d.l.s.s.c.SocketAppenderClientStudy test 1543237649756
2018-11-26 21:07:30,058 INFO [Thread-0] c.d.l.s.s.c.SocketAppenderClientStudy test 1543237650058
2018-11-26 21:07:30,058 INFO [Thread-0] c.d.l.s.s.c.SocketAppenderClientStudy test 1543237650058
2018-11-26 21:07:30,557 INFO [main] c.d.l.s.s.c.SocketAppenderClientStudy test 1543237650557
2018-11-26 21:07:30,558 INFO [Thread-0] c.d.l.s.s.c.SocketAppenderClientStudy test 1543237650558
2018-11-26 21:07:30,857 INFO [main] c.d.l.s.s.c.SocketAppenderClientStudy test 1543237650857
2018-11-26 21:07:30,858 INFO [Thread-0] c.d.l.s.s.c.SocketAppenderClientStudy test 1543237650858
2018-11-26 21:07:31,157 INFO [main] c.d.l.s.s.c.SocketAppenderClientStudy test 1543237651157
2018-11-26 21:07:31,259 INFO [Thread-0] c.d.l.s.s.c.SocketAppenderClientStudy test 1543237651259
2018-11-26 21:07:32,058 INFO [main] c.d.l.s.s.c.SocketAppenderClientStudy test 1543237652058
2018-11-26 21:07:32,159 INFO [Thread-0] c.d.l.s.s.c.SocketAppenderClientStudy test 1543237652159
2018-11-26 21:07:32,458 INFO [main] c.d.l.s.s.c.SocketAppenderClientStudy test 1543237652458
2018-11-26 21:07:32,459 INFO [Thread-0] c.d.l.s.s.c.SocketAppenderClientStudy test 1543237652459
2018-11-26 21:07:33,159 INFO [main] c.d.l.s.s.c.SocketAppenderClientStudy test 1543237653159
2018-11-26 21:07:33,160 INFO [Thread-0] c.d.l.s.s.c.SocketAppenderClientStudy test 1543237653160
2018-11-26 21:07:33,260 INFO [Thread-0] c.d.l.s.s.c.SocketAppenderClientStudy test 1543237653260
2018-11-26 21:07:33,659 INFO [main] c.d.l.s.s.c.SocketAppenderClientStudy test 1543237653659
2018-11-26 21:07:33,761 INFO [Thread-0] c.d.l.s.s.c.SocketAppenderClientStudy test 1543237653761
2018-11-26 21:07:33,960 INFO [main] c.d.l.s.s.c.SocketAppenderClientStudy test 1543237653960
2018-11-26 21:07:34,161 INFO [Thread-0] c.d.l.s.s.c.SocketAppenderClientStudy test 1543237654161
2018-11-26 21:07:34,860 INFO [main] c.d.l.s.s.c.SocketAppenderClientStudy test 1543237654860
2018-11-26 21:07:34,861 INFO [Thread-0] c.d.l.s.s.c.SocketAppenderClientStudy test 1543237654861
2018-11-26 21:07:34,961 INFO [main] c.d.l.s.s.c.SocketAppenderClientStudy test 1543237654961
2018-11-26 21:07:35,062 INFO [Thread-0] c.d.l.s.s.c.SocketAppenderClientStudy test 1543237655062
2018-11-26 21:07:35,062 INFO [Thread-0] c.d.l.s.s.c.SocketAppenderClientStudy test 1543237655062
2018-11-26 21:07:35,163 INFO [Thread-0] c.d.l.s.s.c.SocketAppenderClientStudy test 1543237655163
2018-11-26 21:07:35,763 INFO [Thread-0] c.d.l.s.s.c.SocketAppenderClientStudy test 1543237655763
2018-11-26 21:07:35,861 INFO [main] c.d.l.s.s.c.SocketAppenderClientStudy test 1543237655861
2018-11-26 21:07:36,461 INFO [main] c.d.l.s.s.c.SocketAppenderClientStudy test 1543237656461
2018-11-26 21:07:36,563 INFO [Thread-0] c.d.l.s.s.c.SocketAppenderClientStudy test 1543237656563
2018-11-26 21:07:37,064 INFO [Thread-0] c.d.l.s.s.c.SocketAppenderClientStudy test 1543237657064
2018-11-26 21:07:37,161 INFO [main] c.d.l.s.s.c.SocketAppenderClientStudy test 1543237657161
2018-11-26 21:07:37,164 INFO [Thread-0] c.d.l.s.s.c.SocketAppenderClientStudy test 1543237657164
2018-11-26 21:07:37,762 INFO [main] c.d.l.s.s.c.SocketAppenderClientStudy test 1543237657762
2018-11-26 21:07:37,964 INFO [Thread-0] c.d.l.s.s.c.SocketAppenderClientStudy test 1543237657964
2018-11-26 21:07:38,062 INFO [main] c.d.l.s.s.c.SocketAppenderClientStudy test 1543237658062
2018-11-26 21:07:38,265 INFO [Thread-0] c.d.l.s.s.c.SocketAppenderClientStudy test 1543237658265
2018-11-26 21:07:38,362 INFO [main] c.d.l.s.s.c.SocketAppenderClientStudy test 1543237658362
2018-11-26 21:07:38,663 INFO [main] c.d.l.s.s.c.SocketAppenderClientStudy test 1543237658663
2018-11-26 21:07:39,065 INFO [Thread-0] c.d.l.s.s.c.SocketAppenderClientStudy test 1543237659065
2018-11-26 21:07:39,363 INFO [main] c.d.l.s.s.c.SocketAppenderClientStudy test 1543237659363
2018-11-26 21:07:39,363 INFO [main] c.d.l.s.s.c.SocketAppenderClientStudy test 1543237659363
2018-11-26 21:07:39,563 INFO [main] c.d.l.s.s.c.SocketAppenderClientStudy test 1543237659563
2018-11-26 21:07:39,765 INFO [Thread-0] c.d.l.s.s.c.SocketAppenderClientStudy test 1543237659765
2018-11-26 21:07:40,163 INFO [main] c.d.l.s.s.c.SocketAppenderClientStudy test 1543237660163
2018-11-26 21:07:40,266 INFO [Thread-0] c.d.l.s.s.c.SocketAppenderClientStudy test 1543237660266
2018-11-26 21:07:40,466 INFO [Thread-0] c.d.l.s.s.c.SocketAppenderClientStudy test 1543237660466
2018-11-26 21:07:40,564 INFO [main] c.d.l.s.s.c.SocketAppenderClientStudy test 1543237660564
2018-11-26 21:07:40,866 INFO [Thread-0] c.d.l.s.s.c.SocketAppenderClientStudy test 1543237660866
2018-11-26 21:07:40,966 INFO [Thread-0] c.d.l.s.s.c.SocketAppenderClientStudy test 1543237660966
2018-11-26 21:07:41,464 INFO [main] c.d.l.s.s.c.SocketAppenderClientStudy test 1543237661464
2018-11-26 21:07:41,467 INFO [Thread-0] c.d.l.s.s.c.SocketAppenderClientStudy test 1543237661467
2018-11-26 21:07:41,968 INFO [Thread-0] c.d.l.s.s.c.SocketAppenderClientStudy test 1543237661968
2018-11-26 21:07:42,065 INFO [main] c.d.l.s.s.c.SocketAppenderClientStudy test 1543237662065
2018-11-26 21:07:42,169 INFO [Thread-0] c.d.l.s.s.c.SocketAppenderClientStudy test 1543237662169
2018-11-26 21:07:42,169 INFO [Thread-0] c.d.l.s.s.c.SocketAppenderClientStudy test 1543237662169
2018-11-26 21:07:42,265 INFO [main] c.d.l.s.s.c.SocketAppenderClientStudy test 1543237662265
2018-11-26 21:07:42,369 INFO [Thread-0] c.d.l.s.s.c.SocketAppenderClientStudy test 1543237662369
2018-11-26 21:07:42,570 INFO [Thread-0] c.d.l.s.s.c.SocketAppenderClientStudy test 1543237662570
2018-11-26 21:07:42,666 INFO [main] c.d.l.s.s.c.SocketAppenderClientStudy test 1543237662666
2018-11-26 21:07:43,370 INFO [Thread-0] c.d.l.s.s.c.SocketAppenderClientStudy test 1543237663370
2018-11-26 21:07:43,370 INFO [Thread-0] c.d.l.s.s.c.SocketAppenderClientStudy test 1543237663370
2018-11-26 21:07:43,466 INFO [main] c.d.l.s.s.c.SocketAppenderClientStudy test 1543237663466
2018-11-26 21:07:44,067 INFO [main] c.d.l.s.s.c.SocketAppenderClientStudy test 1543237664067
2018-11-26 21:07:44,270 INFO [Thread-0] c.d.l.s.s.c.SocketAppenderClientStudy test 1543237664270
2018-11-26 21:07:44,868 INFO [main] c.d.l.s.s.c.SocketAppenderClientStudy test 1543237664868
2018-11-26 21:07:44,971 INFO [Thread-0] c.d.l.s.s.c.SocketAppenderClientStudy test 1543237664971
2018-11-26 21:07:45,471 INFO [Thread-0] c.d.l.s.s.c.SocketAppenderClientStudy test 1543237665471
2018-11-26 21:07:45,671 INFO [Thread-0] c.d.l.s.s.c.SocketAppenderClientStudy test 1543237665671
2018-11-26 21:07:45,768 INFO [main] c.d.l.s.s.c.SocketAppenderClientStudy test 1543237665768
2018-11-26 21:07:46,071 INFO [Thread-0] c.d.l.s.s.c.SocketAppenderClientStudy test 1543237666071
2018-11-26 21:07:46,271 INFO [Thread-0] c.d.l.s.s.c.SocketAppenderClientStudy test 1543237666271
2018-11-26 21:07:46,569 INFO [main] c.d.l.s.s.c.SocketAppenderClientStudy test 1543237666569
2018-11-26 21:07:47,071 INFO [Thread-0] c.d.l.s.s.c.SocketAppenderClientStudy test 1543237667071
2018-11-26 21:07:47,172 INFO [Thread-0] c.d.l.s.s.c.SocketAppenderClientStudy test 1543237667172
2018-11-26 21:07:47,370 INFO [main] c.d.l.s.s.c.SocketAppenderClientStudy test 1543237667370
2018-11-26 21:07:47,971 INFO [main] c.d.l.s.s.c.SocketAppenderClientStudy test 1543237667971
2018-11-26 21:07:48,072 INFO [Thread-0] c.d.l.s.s.c.SocketAppenderClientStudy test 1543237668072
2018-11-26 21:07:48,471 INFO [main] c.d.l.s.s.c.SocketAppenderClientStudy test 1543237668471
2018-11-26 21:07:48,472 INFO [Thread-0] c.d.l.s.s.c.SocketAppenderClientStudy test 1543237668472
2018-11-26 21:07:48,472 INFO [Thread-0] c.d.l.s.s.c.SocketAppenderClientStudy test 1543237668472
2018-11-26 21:07:48,972 INFO [main] c.d.l.s.s.c.SocketAppenderClientStudy test 1543237668972
2018-11-26 21:07:49,373 INFO [Thread-0] c.d.l.s.s.c.SocketAppenderClientStudy test 1543237669373
2018-11-26 21:07:49,472 INFO [main] c.d.l.s.s.c.SocketAppenderClientStudy test 1543237669472
2018-11-26 21:07:49,674 INFO [Thread-0] c.d.l.s.s.c.SocketAppenderClientStudy test 1543237669674
2018-11-26 21:07:49,774 INFO [Thread-0] c.d.l.s.s.c.SocketAppenderClientStudy test 1543237669774
2018-11-26 21:07:50,373 INFO [main] c.d.l.s.s.c.SocketAppenderClientStudy test 1543237670373
2018-11-26 21:07:50,474 INFO [Thread-0] c.d.l.s.s.c.SocketAppenderClientStudy test 1543237670474
2018-11-26 21:07:50,874 INFO [Thread-0] c.d.l.s.s.c.SocketAppenderClientStudy test 1543237670874
2018-11-26 21:07:51,073 INFO [main] c.d.l.s.s.c.SocketAppenderClientStudy test 1543237671073
2018-11-26 21:07:51,475 INFO [Thread-0] c.d.l.s.s.c.SocketAppenderClientStudy test 1543237671475
2018-11-26 21:07:51,475 INFO [Thread-0] c.d.l.s.s.c.SocketAppenderClientStudy test 1543237671475
2018-11-26 21:07:51,673 INFO [main] c.d.l.s.s.c.SocketAppenderClientStudy test 1543237671673
2018-11-26 21:07:52,074 INFO [main] c.d.l.s.s.c.SocketAppenderClientStudy test 1543237672074
2018-11-26 21:07:52,175 INFO [Thread-0] c.d.l.s.s.c.SocketAppenderClientStudy test 1543237672175
2018-11-26 21:07:52,274 INFO [main] c.d.l.s.s.c.SocketAppenderClientStudy test 1543237672274
2018-11-26 21:07:52,374 INFO [main] c.d.l.s.s.c.SocketAppenderClientStudy test 1543237672374
2018-11-26 21:07:52,576 INFO [Thread-0] c.d.l.s.s.c.SocketAppenderClientStudy test 1543237672576
2018-11-26 21:07:53,075 INFO [main] c.d.l.s.s.c.SocketAppenderClientStudy test 1543237673075
2018-11-26 21:07:53,277 INFO [Thread-0] c.d.l.s.s.c.SocketAppenderClientStudy test 1543237673277
2018-11-26 21:07:53,777 INFO [Thread-0] c.d.l.s.s.c.SocketAppenderClientStudy test 1543237673777
2018-11-26 21:07:53,975 INFO [main] c.d.l.s.s.c.SocketAppenderClientStudy test 1543237673975
2018-11-26 21:07:54,276 INFO [main] c.d.l.s.s.c.SocketAppenderClientStudy test 1543237674276
2018-11-26 21:07:54,477 INFO [Thread-0] c.d.l.s.s.c.SocketAppenderClientStudy test 1543237674477
2018-11-26 21:07:54,577 INFO [main] c.d.l.s.s.c.SocketAppenderClientStudy test 1543237674577
2018-11-26 21:07:55,177 INFO [Thread-0] c.d.l.s.s.c.SocketAppenderClientStudy test 1543237675177
2018-11-26 21:07:55,377 INFO [main] c.d.l.s.s.c.SocketAppenderClientStudy test 1543237675377
2018-11-26 21:07:55,677 INFO [Thread-0] c.d.l.s.s.c.SocketAppenderClientStudy test 1543237675677
2018-11-26 21:07:55,678 INFO [main] c.d.l.s.s.c.SocketAppenderClientStudy test 1543237675678
2018-11-26 21:07:56,179 INFO [main] c.d.l.s.s.c.SocketAppenderClientStudy test 1543237676179
2018-11-26 21:07:56,179 INFO [main] c.d.l.s.s.c.SocketAppenderClientStudy test 1543237676179
2018-11-26 21:07:56,379 INFO [main] c.d.l.s.s.c.SocketAppenderClientStudy test 1543237676379
2018-11-26 21:07:56,379 INFO [main] c.d.l.s.s.c.SocketAppenderClientStudy test 1543237676379
2018-11-26 21:07:56,479 INFO [main] c.d.l.s.s.c.SocketAppenderClientStudy test 1543237676479
2018-11-26 21:07:56,578 INFO [Thread-0] c.d.l.s.s.c.SocketAppenderClientStudy test 1543237676578
2018-11-26 21:07:56,880 INFO [main] c.d.l.s.s.c.SocketAppenderClientStudy test 1543237676880
2018-11-26 21:07:56,981 INFO [main] c.d.l.s.s.c.SocketAppenderClientStudy test 1543237676981
2018-11-26 21:07:57,281 INFO [main] c.d.l.s.s.c.SocketAppenderClientStudy test 1543237677281
2018-11-26 21:07:57,478 INFO [Thread-0] c.d.l.s.s.c.SocketAppenderClientStudy test 1543237677478
2018-11-26 21:07:57,882 INFO [main] c.d.l.s.s.c.SocketAppenderClientStudy test 1543237677882
2018-11-26 21:07:57,882 INFO [main] c.d.l.s.s.c.SocketAppenderClientStudy test 1543237677882
2018-11-26 21:07:58,079 INFO [Thread-0] c.d.l.s.s.c.SocketAppenderClientStudy test 1543237678079
2018-11-26 21:07:58,282 INFO [main] c.d.l.s.s.c.SocketAppenderClientStudy test 1543237678282
2018-11-26 21:07:58,282 INFO [main] c.d.l.s.s.c.SocketAppenderClientStudy test 1543237678282
2018-11-26 21:07:58,479 INFO [Thread-0] c.d.l.s.s.c.SocketAppenderClientStudy test 1543237678479
2018-11-26 21:07:58,582 INFO [main] c.d.l.s.s.c.SocketAppenderClientStudy test 1543237678582
2018-11-26 21:07:58,880 INFO [Thread-0] c.d.l.s.s.c.SocketAppenderClientStudy test 1543237678880
2018-11-26 21:07:58,982 INFO [main] c.d.l.s.s.c.SocketAppenderClientStudy test 1543237678982
2018-11-26 21:07:59,380 INFO [Thread-0] c.d.l.s.s.c.SocketAppenderClientStudy test 1543237679380
2018-11-26 21:07:59,883 INFO [main] c.d.l.s.s.c.SocketAppenderClientStudy test 1543237679883
2018-11-26 21:08:00,181 INFO [Thread-0] c.d.l.s.s.c.SocketAppenderClientStudy test 1543237680181
2018-11-26 21:08:00,681 INFO [Thread-0] c.d.l.s.s.c.SocketAppenderClientStudy test 1543237680681
2018-11-26 21:08:00,683 INFO [main] c.d.l.s.s.c.SocketAppenderClientStudy test 1543237680683
2018-11-26 21:08:00,982 INFO [Thread-0] c.d.l.s.s.c.SocketAppenderClientStudy test 1543237680982
2018-11-26 21:08:01,382 INFO [Thread-0] c.d.l.s.s.c.SocketAppenderClientStudy test 1543237681382
2018-11-26 21:08:01,382 INFO [Thread-0] c.d.l.s.s.c.SocketAppenderClientStudy test 1543237681382
2018-11-26 21:08:01,483 INFO [main] c.d.l.s.s.c.SocketAppenderClientStudy test 1543237681483
2018-11-26 21:08:01,682 INFO [Thread-0] c.d.l.s.s.c.SocketAppenderClientStudy test 1543237681682
2018-11-26 21:08:01,884 INFO [main] c.d.l.s.s.c.SocketAppenderClientStudy test 1543237681884
2018-11-26 21:08:02,385 INFO [main] c.d.l.s.s.c.SocketAppenderClientStudy test 1543237682385
2018-11-26 21:08:02,482 INFO [Thread-0] c.d.l.s.s.c.SocketAppenderClientStudy test 1543237682482
2018-11-26 21:08:02,585 INFO [main] c.d.l.s.s.c.SocketAppenderClientStudy test 1543237682585
2018-11-26 21:08:02,585 INFO [main] c.d.l.s.s.c.SocketAppenderClientStudy test 1543237682585
2018-11-26 21:08:02,783 INFO [Thread-0] c.d.l.s.s.c.SocketAppenderClientStudy test 1543237682783
2018-11-26 21:08:03,084 INFO [Thread-0] c.d.l.s.s.c.SocketAppenderClientStudy test 1543237683084
2018-11-26 21:08:03,486 INFO [main] c.d.l.s.s.c.SocketAppenderClientStudy test 1543237683486
2018-11-26 21:08:03,984 INFO [Thread-0] c.d.l.s.s.c.SocketAppenderClientStudy test 1543237683984
2018-11-26 21:08:04,186 INFO [main] c.d.l.s.s.c.SocketAppenderClientStudy test 1543237684186
2018-11-26 21:08:04,784 INFO [Thread-0] c.d.l.s.s.c.SocketAppenderClientStudy test 1543237684784
2018-11-26 21:08:04,786 INFO [main] c.d.l.s.s.c.SocketAppenderClientStudy test 1543237684786
2018-11-26 21:08:04,987 INFO [main] c.d.l.s.s.c.SocketAppenderClientStudy test 1543237684987
2018-11-26 21:08:05,085 INFO [Thread-0] c.d.l.s.s.c.SocketAppenderClientStudy test 1543237685085
2018-11-26 21:08:05,487 INFO [main] c.d.l.s.s.c.SocketAppenderClientStudy test 1543237685487
2018-11-26 21:08:05,586 INFO [Thread-0] c.d.l.s.s.c.SocketAppenderClientStudy test 1543237685586
2018-11-26 21:08:05,888 INFO [main] c.d.l.s.s.c.SocketAppenderClientStudy test 1543237685888
2018-11-26 21:08:06,188 INFO [main] c.d.l.s.s.c.SocketAppenderClientStudy test 1543237686188
2018-11-26 21:08:06,286 INFO [Thread-0] c.d.l.s.s.c.SocketAppenderClientStudy test 1543237686286
2018-11-26 21:08:06,388 INFO [main] c.d.l.s.s.c.SocketAppenderClientStudy test 1543237686388
2018-11-26 21:08:06,788 INFO [main] c.d.l.s.s.c.SocketAppenderClientStudy test 1543237686788
2018-11-26 21:08:06,887 INFO [Thread-0] c.d.l.s.s.c.SocketAppenderClientStudy test 1543237686887
2018-11-26 21:08:06,887 INFO [Thread-0] c.d.l.s.s.c.SocketAppenderClientStudy test 1543237686887
2018-11-26 21:08:06,989 INFO [main] c.d.l.s.s.c.SocketAppenderClientStudy test 1543237686989
2018-11-26 21:08:07,189 INFO [main] c.d.l.s.s.c.SocketAppenderClientStudy test 1543237687189
2018-11-26 21:08:07,389 INFO [main] c.d.l.s.s.c.SocketAppenderClientStudy test 1543237687389
2018-11-26 21:08:07,687 INFO [Thread-0] c.d.l.s.s.c.SocketAppenderClientStudy test 1543237687687
2018-11-26 21:08:07,988 INFO [Thread-0] c.d.l.s.s.c.SocketAppenderClientStudy test 1543237687988
2018-11-26 21:08:07,988 INFO [Thread-0] c.d.l.s.s.c.SocketAppenderClientStudy test 1543237687988
2018-11-26 21:08:08,089 INFO [main] c.d.l.s.s.c.SocketAppenderClientStudy test 1543237688089
2018-11-26 21:08:08,788 INFO [Thread-0] c.d.l.s.s.c.SocketAppenderClientStudy test 1543237688788
2018-11-26 21:08:08,790 INFO [main] c.d.l.s.s.c.SocketAppenderClientStudy test 1543237688790
2018-11-26 21:08:09,090 INFO [main] c.d.l.s.s.c.SocketAppenderClientStudy test 1543237689090
2018-11-26 21:08:09,389 INFO [Thread-0] c.d.l.s.s.c.SocketAppenderClientStudy test 1543237689389
2018-11-26 21:08:09,590 INFO [Thread-0] c.d.l.s.s.c.SocketAppenderClientStudy test 1543237689590
2018-11-26 21:08:09,691 INFO [main] c.d.l.s.s.c.SocketAppenderClientStudy test 1543237689691
2018-11-26 21:08:09,691 INFO [main] c.d.l.s.s.c.SocketAppenderClientStudy test 1543237689691
2018-11-26 21:08:10,090 INFO [Thread-0] c.d.l.s.s.c.SocketAppenderClientStudy test 1543237690090
2018-11-26 21:08:10,191 INFO [Thread-0] c.d.l.s.s.c.SocketAppenderClientStudy test 1543237690191
2018-11-26 21:08:10,491 INFO [main] c.d.l.s.s.c.SocketAppenderClientStudy test 1543237690491
2018-11-26 21:08:10,591 INFO [Thread-0] c.d.l.s.s.c.SocketAppenderClientStudy test 1543237690591
2018-11-26 21:08:10,691 INFO [main] c.d.l.s.s.c.SocketAppenderClientStudy test 1543237690691
2018-11-26 21:08:10,691 INFO [Thread-0] c.d.l.s.s.c.SocketAppenderClientStudy test 1543237690691
2018-11-26 21:08:10,992 INFO [main] c.d.l.s.s.c.SocketAppenderClientStudy test 1543237690992
2018-11-26 21:08:10,992 INFO [main] c.d.l.s.s.c.SocketAppenderClientStudy test 1543237690992
2018-11-26 21:08:11,291 INFO [Thread-0] c.d.l.s.s.c.SocketAppenderClientStudy test 1543237691291
2018-11-26 21:08:11,392 INFO [main] c.d.l.s.s.c.SocketAppenderClientStudy test 1543237691392
2018-11-26 21:08:11,592 INFO [Thread-0] c.d.l.s.s.c.SocketAppenderClientStudy test 1543237691592
2018-11-26 21:08:12,292 INFO [Thread-0] c.d.l.s.s.c.SocketAppenderClientStudy test 1543237692292
2018-11-26 21:08:12,293 INFO [main] c.d.l.s.s.c.SocketAppenderClientStudy test 1543237692293
2018-11-26 21:08:12,394 INFO [main] c.d.l.s.s.c.SocketAppenderClientStudy test 1543237692394
2018-11-26 21:08:12,494 INFO [main] c.d.l.s.s.c.SocketAppenderClientStudy test 1543237692494
2018-11-26 21:08:12,594 INFO [main] c.d.l.s.s.c.SocketAppenderClientStudy test 1543237692594
2018-11-26 21:08:13,093 INFO [Thread-0] c.d.l.s.s.c.SocketAppenderClientStudy test 1543237693093
2018-11-26 21:08:13,495 INFO [main] c.d.l.s.s.c.SocketAppenderClientStudy test 1543237693495
2018-11-26 21:08:13,593 INFO [Thread-0] c.d.l.s.s.c.SocketAppenderClientStudy test 1543237693593
2018-11-26 21:08:14,096 INFO [main] c.d.l.s.s.c.SocketAppenderClientStudy test 1543237694096
2018-11-26 21:08:14,396 INFO [main] c.d.l.s.s.c.SocketAppenderClientStudy test 1543237694396
2018-11-26 21:08:14,494 INFO [Thread-0] c.d.l.s.s.c.SocketAppenderClientStudy test 1543237694494
2018-11-26 21:08:14,494 INFO [Thread-0] c.d.l.s.s.c.SocketAppenderClientStudy test 1543237694494
2018-11-26 21:08:14,496 INFO [main] c.d.l.s.s.c.SocketAppenderClientStudy test 1543237694496
2018-11-26 21:08:14,595 INFO [Thread-0] c.d.l.s.s.c.SocketAppenderClientStudy test 1543237694595
2018-11-26 21:08:14,595 INFO [Thread-0] c.d.l.s.s.c.SocketAppenderClientStudy test 1543237694595
2018-11-26 21:08:14,597 INFO [main] c.d.l.s.s.c.SocketAppenderClientStudy test 1543237694597
2018-11-26 21:08:14,897 INFO [main] c.d.l.s.s.c.SocketAppenderClientStudy test 1543237694897
2018-11-26 21:08:15,196 INFO [Thread-0] c.d.l.s.s.c.SocketAppenderClientStudy test 1543237695196
2018-11-26 21:08:15,297 INFO [main] c.d.l.s.s.c.SocketAppenderClientStudy test 1543237695297
2018-11-26 21:08:15,596 INFO [Thread-0] c.d.l.s.s.c.SocketAppenderClientStudy test 1543237695596
2018-11-26 21:08:15,697 INFO [main] c.d.l.s.s.c.SocketAppenderClientStudy test 1543237695697
2018-11-26 21:08:15,697 INFO [main] c.d.l.s.s.c.SocketAppenderClientStudy test 1543237695697
2018-11-26 21:08:15,791 INFO [Logback SocketNode (client: /127.0.0.1:11792)] c.q.l.c.n.SocketNode Caught java.net.SocketException closing connection.
2018-11-26 21:08:15,792 DEBUG [Logback SocketNode (client: /127.0.0.1:11792)] c.q.l.c.n.SimpleSocketServer Removing ch.qos.logback.classic.net.SocketNode/127.0.0.1:11792
2018-11-26 21:14:39,430 INFO [Logback MySimpleSocketServer (port 9000)] c.q.l.c.n.SimpleSocketServer Connected to client at /127.0.0.1
2018-11-26 21:14:39,430 INFO [Logback MySimpleSocketServer (port 9000)] c.q.l.c.n.SimpleSocketServer Starting new socket node.
2018-11-26 21:14:39,430 INFO [Logback MySimpleSocketServer (port 9000)] c.q.l.c.n.SimpleSocketServer Waiting to accept a new client.
2018-11-26 21:14:39,463 INFO [main] c.d.l.s.s.c.SocketAppenderClientStudy test 1543238079462
2018-11-26 21:14:39,463 INFO [Thread-0] c.d.l.s.s.c.SocketAppenderClientStudy test 1543238079462
2018-11-26 21:14:39,666 INFO [Thread-0] c.d.l.s.s.c.SocketAppenderClientStudy test 1543238079666
2018-11-26 21:14:40,366 INFO [main] c.d.l.s.s.c.SocketAppenderClientStudy test 1543238080366
2018-11-26 21:14:40,466 INFO [Thread-0] c.d.l.s.s.c.SocketAppenderClientStudy test 1543238080466
2018-11-26 21:14:40,766 INFO [main] c.d.l.s.s.c.SocketAppenderClientStudy test 1543238080766
2018-11-26 21:14:40,866 INFO [Thread-0] c.d.l.s.s.c.SocketAppenderClientStudy test 1543238080866
2018-11-26 21:14:40,867 INFO [main] c.d.l.s.s.c.SocketAppenderClientStudy test 1543238080867
2018-11-26 21:14:41,067 INFO [Thread-0] c.d.l.s.s.c.SocketAppenderClientStudy test 1543238081067
2018-11-26 21:14:41,367 INFO [main] c.d.l.s.s.c.SocketAppenderClientStudy test 1543238081367
2018-11-26 21:14:41,867 INFO [Thread-0] c.d.l.s.s.c.SocketAppenderClientStudy test 1543238081867
2018-11-26 21:14:42,167 INFO [Thread-0] c.d.l.s.s.c.SocketAppenderClientStudy test 1543238082167
2018-11-26 21:14:42,167 INFO [main] c.d.l.s.s.c.SocketAppenderClientStudy test 1543238082167
2018-11-26 21:14:42,167 INFO [Thread-0] c.d.l.s.s.c.SocketAppenderClientStudy test 1543238082167
2018-11-26 21:14:42,268 INFO [Thread-0] c.d.l.s.s.c.SocketAppenderClientStudy test 1543238082268
2018-11-26 21:15:06,641 INFO [Logback MySimpleSocketServer (port 9000)] c.q.l.c.n.SimpleSocketServer Listening on port 9000
2018-11-26 21:15:06,644 INFO [Logback MySimpleSocketServer (port 9000)] c.q.l.c.n.SimpleSocketServer Waiting to accept a new client.
2018-11-26 21:15:10,287 INFO [Logback MySimpleSocketServer (port 9000)] c.q.l.c.n.SimpleSocketServer Connected to client at /127.0.0.1
2018-11-26 21:15:10,287 INFO [Logback MySimpleSocketServer (port 9000)] c.q.l.c.n.SimpleSocketServer Starting new socket node.
2018-11-26 21:15:10,288 INFO [Logback MySimpleSocketServer (port 9000)] c.q.l.c.n.SimpleSocketServer Waiting to accept a new client.
2018-11-26 21:15:10,329 INFO [Thread-0] c.d.l.s.s.c.SocketAppenderClientStudy test 1543238110328
2018-11-26 21:15:10,329 INFO [main] c.d.l.s.s.c.SocketAppenderClientStudy test 1543238110328
2018-11-26 21:15:10,533 INFO [Thread-0] c.d.l.s.s.c.SocketAppenderClientStudy test 1543238110533
2018-11-26 21:15:11,032 INFO [main] c.d.l.s.s.c.SocketAppenderClientStudy test 1543238111032
2018-11-26 21:15:11,133 INFO [Thread-0] c.d.l.s.s.c.SocketAppenderClientStudy test 1543238111133
2018-11-26 21:15:11,633 INFO [main] c.d.l.s.s.c.SocketAppenderClientStudy test 1543238111633
2018-11-26 21:15:11,833 INFO [main] c.d.l.s.s.c.SocketAppenderClientStudy test 1543238111833
2018-11-26 21:15:11,933 INFO [Thread-0] c.d.l.s.s.c.SocketAppenderClientStudy test 1543238111933
2018-11-26 21:15:12,034 INFO [main] c.d.l.s.s.c.SocketAppenderClientStudy test 1543238112034
2018-11-26 21:15:12,034 INFO [main] c.d.l.s.s.c.SocketAppenderClientStudy test 1543238112034
2018-11-26 21:15:21,272 INFO [Logback MySimpleSocketServer (port 9000)] c.q.l.c.n.SimpleSocketServer Listening on port 9000
2018-11-26 21:15:21,274 INFO [Logback MySimpleSocketServer (port 9000)] c.q.l.c.n.SimpleSocketServer Waiting to accept a new client.
2018-11-26 21:15:24,440 INFO [Logback MySimpleSocketServer (port 9000)] c.q.l.c.n.SimpleSocketServer Connected to client at /127.0.0.1
2018-11-26 21:15:24,440 INFO [Logback MySimpleSocketServer (port 9000)] c.q.l.c.n.SimpleSocketServer Starting new socket node.
2018-11-26 21:15:24,441 INFO [Logback MySimpleSocketServer (port 9000)] c.q.l.c.n.SimpleSocketServer Waiting to accept a new client.
2018-11-26 21:15:12,434 INFO [Thread-0] c.d.l.s.s.c.SocketAppenderClientStudy test 1543238112434
2018-11-26 21:15:12,435 INFO [main] c.d.l.s.s.c.SocketAppenderClientStudy test 1543238112435
2018-11-26 21:15:12,435 INFO [main] c.d.l.s.s.c.SocketAppenderClientStudy test 1543238112435
2018-11-26 21:15:12,934 INFO [Thread-0] c.d.l.s.s.c.SocketAppenderClientStudy test 1543238112934
2018-11-26 21:15:12,935 INFO [main] c.d.l.s.s.c.SocketAppenderClientStudy test 1543238112935
2018-11-26 21:15:13,335 INFO [main] c.d.l.s.s.c.SocketAppenderClientStudy test 1543238113335
2018-11-26 21:15:13,335 INFO [main] c.d.l.s.s.c.SocketAppenderClientStudy test 1543238113335
2018-11-26 21:15:13,834 INFO [Thread-0] c.d.l.s.s.c.SocketAppenderClientStudy test 1543238113834
2018-11-26 21:15:13,936 INFO [main] c.d.l.s.s.c.SocketAppenderClientStudy test 1543238113936
2018-11-26 21:15:14,635 INFO [Thread-0] c.d.l.s.s.c.SocketAppenderClientStudy test 1543238114635
2018-11-26 21:15:14,635 INFO [Thread-0] c.d.l.s.s.c.SocketAppenderClientStudy test 1543238114635
2018-11-26 21:15:14,636 INFO [main] c.d.l.s.s.c.SocketAppenderClientStudy test 1543238114636
2018-11-26 21:15:15,335 INFO [Thread-0] c.d.l.s.s.c.SocketAppenderClientStudy test 1543238115335
2018-11-26 21:15:15,336 INFO [main] c.d.l.s.s.c.SocketAppenderClientStudy test 1543238115336
2018-11-26 21:15:15,637 INFO [main] c.d.l.s.s.c.SocketAppenderClientStudy test 1543238115637
2018-11-26 21:15:16,236 INFO [Thread-0] c.d.l.s.s.c.SocketAppenderClientStudy test 1543238116236
2018-11-26 21:15:16,236 INFO [Thread-0] c.d.l.s.s.c.SocketAppenderClientStudy test 1543238116236
2018-11-26 21:15:16,237 INFO [main] c.d.l.s.s.c.SocketAppenderClientStudy test 1543238116237
2018-11-26 21:15:16,237 INFO [main] c.d.l.s.s.c.SocketAppenderClientStudy test 1543238116237
2018-11-26 21:15:16,237 INFO [main] c.d.l.s.s.c.SocketAppenderClientStudy test 1543238116237
2018-11-26 21:15:16,336 INFO [Thread-0] c.d.l.s.s.c.SocketAppenderClientStudy test 1543238116336
2018-11-26 21:15:16,338 INFO [main] c.d.l.s.s.c.SocketAppenderClientStudy test 1543238116338
2018-11-26 21:15:16,338 INFO [main] c.d.l.s.s.c.SocketAppenderClientStudy test 1543238116338
2018-11-26 21:15:16,837 INFO [Thread-0] c.d.l.s.s.c.SocketAppenderClientStudy test 1543238116837
2018-11-26 21:15:17,138 INFO [main] c.d.l.s.s.c.SocketAppenderClientStudy test 1543238117138
2018-11-26 21:15:17,138 INFO [main] c.d.l.s.s.c.SocketAppenderClientStudy test 1543238117138
2018-11-26 21:15:17,238 INFO [main] c.d.l.s.s.c.SocketAppenderClientStudy test 1543238117238
2018-11-26 21:15:17,238 INFO [main] c.d.l.s.s.c.SocketAppenderClientStudy test 1543238117238
2018-11-26 21:15:17,437 INFO [Thread-0] c.d.l.s.s.c.SocketAppenderClientStudy test 1543238117437
2018-11-26 21:15:17,639 INFO [main] c.d.l.s.s.c.SocketAppenderClientStudy test 1543238117639
2018-11-26 21:15:17,839 INFO [main] c.d.l.s.s.c.SocketAppenderClientStudy test 1543238117839
2018-11-26 21:15:17,937 INFO [Thread-0] c.d.l.s.s.c.SocketAppenderClientStudy test 1543238117937
2018-11-26 21:15:18,139 INFO [main] c.d.l.s.s.c.SocketAppenderClientStudy test 1543238118139
2018-11-26 21:15:18,538 INFO [Thread-0] c.d.l.s.s.c.SocketAppenderClientStudy test 1543238118538
2018-11-26 21:15:18,739 INFO [main] c.d.l.s.s.c.SocketAppenderClientStudy test 1543238118739
2018-11-26 21:15:18,838 INFO [Thread-0] c.d.l.s.s.c.SocketAppenderClientStudy test 1543238118838
2018-11-26 21:15:18,940 INFO [main] c.d.l.s.s.c.SocketAppenderClientStudy test 1543238118940
2018-11-26 21:15:19,440 INFO [main] c.d.l.s.s.c.SocketAppenderClientStudy test 1543238119440
2018-11-26 21:15:19,638 INFO [Thread-0] c.d.l.s.s.c.SocketAppenderClientStudy test 1543238119638
2018-11-26 21:15:20,041 INFO [main] c.d.l.s.s.c.SocketAppenderClientStudy test 1543238120041
2018-11-26 21:15:20,239 INFO [Thread-0] c.d.l.s.s.c.SocketAppenderClientStudy test 1543238120239
2018-11-26 21:15:20,339 INFO [Thread-0] c.d.l.s.s.c.SocketAppenderClientStudy test 1543238120339
2018-11-26 21:15:20,339 INFO [Thread-0] c.d.l.s.s.c.SocketAppenderClientStudy test 1543238120339
2018-11-26 21:15:20,641 INFO [main] c.d.l.s.s.c.SocketAppenderClientStudy test 1543238120641
2018-11-26 21:15:20,840 INFO [Thread-0] c.d.l.s.s.c.SocketAppenderClientStudy test 1543238120840
2018-11-26 21:15:21,040 INFO [Thread-0] c.d.l.s.s.c.SocketAppenderClientStudy test 1543238121040
2018-11-26 21:15:21,241 INFO [main] c.d.l.s.s.c.SocketAppenderClientStudy test 1543238121241
2018-11-26 21:15:21,741 INFO [Thread-0] c.d.l.s.s.c.SocketAppenderClientStudy test 1543238121741
2018-11-26 21:15:21,941 INFO [Thread-0] c.d.l.s.s.c.SocketAppenderClientStudy test 1543238121941
2018-11-26 21:15:22,042 INFO [Thread-0] c.d.l.s.s.c.SocketAppenderClientStudy test 1543238122042
2018-11-26 21:15:22,142 INFO [main] c.d.l.s.s.c.SocketAppenderClientStudy test 1543238122142
2018-11-26 21:15:22,343 INFO [main] c.d.l.s.s.c.SocketAppenderClientStudy test 1543238122343
2018-11-26 21:15:22,544 INFO [main] c.d.l.s.s.c.SocketAppenderClientStudy test 1543238122544
2018-11-26 21:15:22,744 INFO [main] c.d.l.s.s.c.SocketAppenderClientStudy test 1543238122744
2018-11-26 21:15:22,845 INFO [main] c.d.l.s.s.c.SocketAppenderClientStudy test 1543238122845
2018-11-26 21:15:22,845 INFO [main] c.d.l.s.s.c.SocketAppenderClientStudy test 1543238122845
2018-11-26 21:15:22,942 INFO [Thread-0] c.d.l.s.s.c.SocketAppenderClientStudy test 1543238122942
2018-11-26 21:15:23,442 INFO [Thread-0] c.d.l.s.s.c.SocketAppenderClientStudy test 1543238123442
2018-11-26 21:15:23,542 INFO [Thread-0] c.d.l.s.s.c.SocketAppenderClientStudy test 1543238123542
2018-11-26 21:15:23,645 INFO [main] c.d.l.s.s.c.SocketAppenderClientStudy test 1543238123645
2018-11-26 21:15:23,946 INFO [main] c.d.l.s.s.c.SocketAppenderClientStudy test 1543238123946
2018-11-26 21:15:24,243 INFO [Thread-0] c.d.l.s.s.c.SocketAppenderClientStudy test 1543238124243
2018-11-26 21:15:24,647 INFO [main] c.d.l.s.s.c.SocketAppenderClientStudy test 1543238124647
2018-11-26 21:15:24,743 INFO [Thread-0] c.d.l.s.s.c.SocketAppenderClientStudy test 1543238124743
2018-11-26 21:15:25,344 INFO [Thread-0] c.d.l.s.s.c.SocketAppenderClientStudy test 1543238125344
2018-11-26 21:15:25,347 INFO [main] c.d.l.s.s.c.SocketAppenderClientStudy test 1543238125347
2018-11-26 21:15:25,444 INFO [Thread-0] c.d.l.s.s.c.SocketAppenderClientStudy test 1543238125444
2018-11-26 21:15:25,748 INFO [main] c.d.l.s.s.c.SocketAppenderClientStudy test 1543238125748
2018-11-26 21:15:26,144 INFO [Thread-0] c.d.l.s.s.c.SocketAppenderClientStudy test 1543238126144
2018-11-26 21:15:26,445 INFO [Thread-0] c.d.l.s.s.c.SocketAppenderClientStudy test 1543238126445
2018-11-26 21:15:30,301 INFO [Logback MySimpleSocketServer (port 9000)] c.q.l.c.n.SimpleSocketServer Listening on port 9000
2018-11-26 21:15:30,303 INFO [Logback MySimpleSocketServer (port 9000)] c.q.l.c.n.SimpleSocketServer Waiting to accept a new client.
2018-11-26 21:15:37,549 INFO [Logback MySimpleSocketServer (port 9000)] c.q.l.c.n.SimpleSocketServer Connected to client at /127.0.0.1
2018-11-26 21:15:37,549 INFO [Logback MySimpleSocketServer (port 9000)] c.q.l.c.n.SimpleSocketServer Starting new socket node.
2018-11-26 21:15:37,550 INFO [Logback MySimpleSocketServer (port 9000)] c.q.l.c.n.SimpleSocketServer Waiting to accept a new client.
2018-11-26 21:15:26,548 INFO [main] c.d.l.s.s.c.SocketAppenderClientStudy test 1543238126548
2018-11-26 21:15:26,645 INFO [Thread-0] c.d.l.s.s.c.SocketAppenderClientStudy test 1543238126645
2018-11-26 21:15:27,046 INFO [Thread-0] c.d.l.s.s.c.SocketAppenderClientStudy test 1543238127046
2018-11-26 21:15:27,449 INFO [main] c.d.l.s.s.c.SocketAppenderClientStudy test 1543238127449
2018-11-26 21:15:27,650 INFO [main] c.d.l.s.s.c.SocketAppenderClientStudy test 1543238127650
2018-11-26 21:15:27,650 INFO [main] c.d.l.s.s.c.SocketAppenderClientStudy test 1543238127650
2018-11-26 21:15:27,746 INFO [Thread-0] c.d.l.s.s.c.SocketAppenderClientStudy test 1543238127746
2018-11-26 21:15:28,251 INFO [main] c.d.l.s.s.c.SocketAppenderClientStudy test 1543238128251
2018-11-26 21:15:28,547 INFO [Thread-0] c.d.l.s.s.c.SocketAppenderClientStudy test 1543238128547
2018-11-26 21:15:28,951 INFO [main] c.d.l.s.s.c.SocketAppenderClientStudy test 1543238128951
2018-11-26 21:15:29,447 INFO [Thread-0] c.d.l.s.s.c.SocketAppenderClientStudy test 1543238129447
2018-11-26 21:15:29,551 INFO [main] c.d.l.s.s.c.SocketAppenderClientStudy test 1543238129551
2018-11-26 21:15:29,651 INFO [main] c.d.l.s.s.c.SocketAppenderClientStudy test 1543238129651
2018-11-26 21:15:29,852 INFO [main] c.d.l.s.s.c.SocketAppenderClientStudy test 1543238129852
2018-11-26 21:15:30,148 INFO [Thread-0] c.d.l.s.s.c.SocketAppenderClientStudy test 1543238130148
2018-11-26 21:15:30,452 INFO [main] c.d.l.s.s.c.SocketAppenderClientStudy test 1543238130452
2018-11-26 21:15:30,848 INFO [Thread-0] c.d.l.s.s.c.SocketAppenderClientStudy test 1543238130848
2018-11-26 21:15:30,948 INFO [Thread-0] c.d.l.s.s.c.SocketAppenderClientStudy test 1543238130948
2018-11-26 21:15:30,948 INFO [Thread-0] c.d.l.s.s.c.SocketAppenderClientStudy test 1543238130948
2018-11-26 21:15:31,052 INFO [main] c.d.l.s.s.c.SocketAppenderClientStudy test 1543238131052
2018-11-26 21:15:31,052 INFO [main] c.d.l.s.s.c.SocketAppenderClientStudy test 1543238131052
2018-11-26 21:15:31,553 INFO [main] c.d.l.s.s.c.SocketAppenderClientStudy test 1543238131553
2018-11-26 21:15:31,748 INFO [Thread-0] c.d.l.s.s.c.SocketAppenderClientStudy test 1543238131748
2018-11-26 21:15:31,748 INFO [Thread-0] c.d.l.s.s.c.SocketAppenderClientStudy test 1543238131748
2018-11-26 21:15:31,753 INFO [main] c.d.l.s.s.c.SocketAppenderClientStudy test 1543238131753
2018-11-26 21:15:32,353 INFO [main] c.d.l.s.s.c.SocketAppenderClientStudy test 1543238132353
2018-11-26 21:15:32,353 INFO [main] c.d.l.s.s.c.SocketAppenderClientStudy test 1543238132353
2018-11-26 21:15:32,353 INFO [main] c.d.l.s.s.c.SocketAppenderClientStudy test 1543238132353
2018-11-26 21:15:32,649 INFO [Thread-0] c.d.l.s.s.c.SocketAppenderClientStudy test 1543238132649
2018-11-26 21:15:33,153 INFO [main] c.d.l.s.s.c.SocketAppenderClientStudy test 1543238133153
2018-11-26 21:15:33,549 INFO [Thread-0] c.d.l.s.s.c.SocketAppenderClientStudy test 1543238133549
2018-11-26 21:15:33,954 INFO [main] c.d.l.s.s.c.SocketAppenderClientStudy test 1543238133954
2018-11-26 21:15:34,150 INFO [Thread-0] c.d.l.s.s.c.SocketAppenderClientStudy test 1543238134150
2018-11-26 21:15:34,155 INFO [main] c.d.l.s.s.c.SocketAppenderClientStudy test 1543238134155
2018-11-26 21:15:34,250 INFO [Thread-0] c.d.l.s.s.c.SocketAppenderClientStudy test 1543238134250
2018-11-26 21:15:34,255 INFO [main] c.d.l.s.s.c.SocketAppenderClientStudy test 1543238134255
2018-11-26 21:15:34,455 INFO [main] c.d.l.s.s.c.SocketAppenderClientStudy test 1543238134455
2018-11-26 21:15:34,956 INFO [main] c.d.l.s.s.c.SocketAppenderClientStudy test 1543238134956
2018-11-26 21:15:35,150 INFO [Thread-0] c.d.l.s.s.c.SocketAppenderClientStudy test 1543238135150
2018-11-26 21:15:35,851 INFO [Thread-0] c.d.l.s.s.c.SocketAppenderClientStudy test 1543238135851
2018-11-26 21:15:35,856 INFO [main] c.d.l.s.s.c.SocketAppenderClientStudy test 1543238135856
2018-11-26 21:15:35,951 INFO [Thread-0] c.d.l.s.s.c.SocketAppenderClientStudy test 1543238135951
2018-11-26 21:15:35,956 INFO [main] c.d.l.s.s.c.SocketAppenderClientStudy test 1543238135956
2018-11-26 21:15:36,356 INFO [main] c.d.l.s.s.c.SocketAppenderClientStudy test 1543238136356
2018-11-26 21:15:36,552 INFO [Thread-0] c.d.l.s.s.c.SocketAppenderClientStudy test 1543238136552
2018-11-26 21:15:36,552 INFO [Thread-0] c.d.l.s.s.c.SocketAppenderClientStudy test 1543238136552
2018-11-26 21:15:36,552 INFO [Thread-0] c.d.l.s.s.c.SocketAppenderClientStudy test 1543238136552
2018-11-26 21:15:36,956 INFO [main] c.d.l.s.s.c.SocketAppenderClientStudy test 1543238136956
2018-11-26 21:15:37,452 INFO [Thread-0] c.d.l.s.s.c.SocketAppenderClientStudy test 1543238137452
2018-11-26 21:15:37,656 INFO [main] c.d.l.s.s.c.SocketAppenderClientStudy test 1543238137656
2018-11-26 21:15:37,756 INFO [main] c.d.l.s.s.c.SocketAppenderClientStudy test 1543238137756
2018-11-26 21:15:38,252 INFO [Thread-0] c.d.l.s.s.c.SocketAppenderClientStudy test 1543238138252
2018-11-26 21:15:38,553 INFO [Thread-0] c.d.l.s.s.c.SocketAppenderClientStudy test 1543238138553
2018-11-26 21:15:38,557 INFO [main] c.d.l.s.s.c.SocketAppenderClientStudy test 1543238138557
2018-11-26 21:15:38,753 INFO [Thread-0] c.d.l.s.s.c.SocketAppenderClientStudy test 1543238138753
2018-11-26 21:15:38,953 INFO [Thread-0] c.d.l.s.s.c.SocketAppenderClientStudy test 1543238138953
2018-11-26 21:15:39,253 INFO [Thread-0] c.d.l.s.s.c.SocketAppenderClientStudy test 1543238139253
2018-11-26 21:15:39,354 INFO [Thread-0] c.d.l.s.s.c.SocketAppenderClientStudy test 1543238139354
2018-11-26 21:15:39,357 INFO [main] c.d.l.s.s.c.SocketAppenderClientStudy test 1543238139357
2018-11-26 21:15:39,654 INFO [Thread-0] c.d.l.s.s.c.SocketAppenderClientStudy test 1543238139654
2018-11-26 21:15:40,258 INFO [main] c.d.l.s.s.c.SocketAppenderClientStudy test 1543238140258
2018-11-26 21:15:40,455 INFO [Thread-0] c.d.l.s.s.c.SocketAppenderClientStudy test 1543238140455
2018-11-26 21:15:41,058 INFO [main] c.d.l.s.s.c.SocketAppenderClientStudy test 1543238141058
2018-11-26 21:15:41,156 INFO [Thread-0] c.d.l.s.s.c.SocketAppenderClientStudy test 1543238141156
2018-11-26 21:15:41,656 INFO [Thread-0] c.d.l.s.s.c.SocketAppenderClientStudy test 1543238141656
2018-11-26 21:15:41,958 INFO [main] c.d.l.s.s.c.SocketAppenderClientStudy test 1543238141958
2018-11-26 21:15:42,556 INFO [Thread-0] c.d.l.s.s.c.SocketAppenderClientStudy test 1543238142556
2018-11-26 21:15:42,759 INFO [main] c.d.l.s.s.c.SocketAppenderClientStudy test 1543238142759
2018-11-26 21:15:42,860 INFO [main] c.d.l.s.s.c.SocketAppenderClientStudy test 1543238142860
2018-11-26 21:15:42,961 INFO [main] c.d.l.s.s.c.SocketAppenderClientStudy test 1543238142961
2018-11-26 21:15:43,056 INFO [Thread-0] c.d.l.s.s.c.SocketAppenderClientStudy test 1543238143056
2018-11-26 21:15:43,056 INFO [Thread-0] c.d.l.s.s.c.SocketAppenderClientStudy test 1543238143056
2018-11-26 21:15:43,156 INFO [Thread-0] c.d.l.s.s.c.SocketAppenderClientStudy test 1543238143156
2018-11-26 21:15:43,557 INFO [Thread-0] c.d.l.s.s.c.SocketAppenderClientStudy test 1543238143557
2018-11-26 21:15:43,561 INFO [main] c.d.l.s.s.c.SocketAppenderClientStudy test 1543238143561
2018-11-26 21:15:43,662 INFO [main] c.d.l.s.s.c.SocketAppenderClientStudy test 1543238143662
2018-11-26 21:15:44,457 INFO [Thread-0] c.d.l.s.s.c.SocketAppenderClientStudy test 1543238144457
2018-11-26 21:15:44,562 INFO [main] c.d.l.s.s.c.SocketAppenderClientStudy test 1543238144562
2018-11-26 21:15:44,862 INFO [main] c.d.l.s.s.c.SocketAppenderClientStudy test 1543238144862
2018-11-26 21:15:45,063 INFO [main] c.d.l.s.s.c.SocketAppenderClientStudy test 1543238145063
2018-11-26 21:15:45,158 INFO [Thread-0] c.d.l.s.s.c.SocketAppenderClientStudy test 1543238145158
2018-11-26 21:15:45,458 INFO [Thread-0] c.d.l.s.s.c.SocketAppenderClientStudy test 1543238145458
2018-11-26 21:15:45,563 INFO [main] c.d.l.s.s.c.SocketAppenderClientStudy test 1543238145563
2018-11-26 21:15:45,958 INFO [Thread-0] c.d.l.s.s.c.SocketAppenderClientStudy test 1543238145958
2018-11-26 21:15:46,063 INFO [main] c.d.l.s.s.c.SocketAppenderClientStudy test 1543238146063
2018-11-26 21:15:46,063 INFO [main] c.d.l.s.s.c.SocketAppenderClientStudy test 1543238146063
2018-11-26 21:15:46,258 INFO [Thread-0] c.d.l.s.s.c.SocketAppenderClientStudy test 1543238146258
2018-11-26 21:15:46,663 INFO [main] c.d.l.s.s.c.SocketAppenderClientStudy test 1543238146663
2018-11-26 21:15:46,759 INFO [Thread-0] c.d.l.s.s.c.SocketAppenderClientStudy test 1543238146759
2018-11-26 21:15:46,959 INFO [Thread-0] c.d.l.s.s.c.SocketAppenderClientStudy test 1543238146959
2018-11-26 21:15:47,264 INFO [main] c.d.l.s.s.c.SocketAppenderClientStudy test 1543238147264
2018-11-26 21:15:47,760 INFO [Thread-0] c.d.l.s.s.c.SocketAppenderClientStudy test 1543238147760
2018-11-26 21:15:47,964 INFO [main] c.d.l.s.s.c.SocketAppenderClientStudy test 1543238147964
2018-11-26 21:15:48,264 INFO [main] c.d.l.s.s.c.SocketAppenderClientStudy test 1543238148264
2018-11-26 21:15:48,660 INFO [Thread-0] c.d.l.s.s.c.SocketAppenderClientStudy test 1543238148660
2018-11-26 21:15:48,665 INFO [main] c.d.l.s.s.c.SocketAppenderClientStudy test 1543238148665
2018-11-26 21:15:48,960 INFO [Thread-0] c.d.l.s.s.c.SocketAppenderClientStudy test 1543238148960
2018-11-26 21:15:49,061 INFO [Thread-0] c.d.l.s.s.c.SocketAppenderClientStudy test 1543238149061
2018-11-26 21:15:49,161 INFO [Thread-0] c.d.l.s.s.c.SocketAppenderClientStudy test 1543238149161
2018-11-26 21:15:49,165 INFO [main] c.d.l.s.s.c.SocketAppenderClientStudy test 1543238149165
2018-11-26 21:15:49,165 INFO [main] c.d.l.s.s.c.SocketAppenderClientStudy test 1543238149165
2018-11-26 21:15:49,261 INFO [Thread-0] c.d.l.s.s.c.SocketAppenderClientStudy test 1543238149261
2018-11-26 21:15:49,465 INFO [main] c.d.l.s.s.c.SocketAppenderClientStudy test 1543238149465
2018-11-26 21:15:49,761 INFO [Thread-0] c.d.l.s.s.c.SocketAppenderClientStudy test 1543238149761
2018-11-26 21:15:49,966 INFO [main] c.d.l.s.s.c.SocketAppenderClientStudy test 1543238149966
2018-11-26 21:15:50,362 INFO [Thread-0] c.d.l.s.s.c.SocketAppenderClientStudy test 1543238150362
2018-11-26 21:15:50,563 INFO [Thread-0] c.d.l.s.s.c.SocketAppenderClientStudy test 1543238150563
2018-11-26 21:15:50,567 INFO [main] c.d.l.s.s.c.SocketAppenderClientStudy test 1543238150567
2018-11-26 21:15:50,763 INFO [Thread-0] c.d.l.s.s.c.SocketAppenderClientStudy test 1543238150763
2018-11-26 21:15:51,164 INFO [Thread-0] c.d.l.s.s.c.SocketAppenderClientStudy test 1543238151164
2018-11-26 21:15:51,367 INFO [main] c.d.l.s.s.c.SocketAppenderClientStudy test 1543238151367
2018-11-26 21:15:51,664 INFO [Thread-0] c.d.l.s.s.c.SocketAppenderClientStudy test 1543238151664
2018-11-26 21:15:51,767 INFO [main] c.d.l.s.s.c.SocketAppenderClientStudy test 1543238151767
2018-11-26 21:15:51,864 INFO [Thread-0] c.d.l.s.s.c.SocketAppenderClientStudy test 1543238151864
2018-11-26 21:15:52,068 INFO [main] c.d.l.s.s.c.SocketAppenderClientStudy test 1543238152068
2018-11-26 21:15:52,764 INFO [Thread-0] c.d.l.s.s.c.SocketAppenderClientStudy test 1543238152764
2018-11-26 21:15:52,764 INFO [Thread-0] c.d.l.s.s.c.SocketAppenderClientStudy test 1543238152764
2018-11-26 21:15:52,769 INFO [main] c.d.l.s.s.c.SocketAppenderClientStudy test 1543238152769
2018-11-26 21:15:52,864 INFO [Thread-0] c.d.l.s.s.c.SocketAppenderClientStudy test 1543238152864
2018-11-26 21:15:53,165 INFO [Thread-0] c.d.l.s.s.c.SocketAppenderClientStudy test 1543238153165
2018-11-26 21:15:53,470 INFO [main] c.d.l.s.s.c.SocketAppenderClientStudy test 1543238153470
2018-11-26 21:15:53,585 INFO [Logback MySimpleSocketServer (port 9000)] c.q.l.c.n.SimpleSocketServer Connected to client at /127.0.0.1
2018-11-26 21:15:53,585 INFO [Logback MySimpleSocketServer (port 9000)] c.q.l.c.n.SimpleSocketServer Starting new socket node.
2018-11-26 21:15:53,586 INFO [Logback MySimpleSocketServer (port 9000)] c.q.l.c.n.SimpleSocketServer Waiting to accept a new client.
2018-11-26 21:15:53,619 INFO [main] c.d.l.s.s.c.SocketAppenderClientStudy test 1543238153618
2018-11-26 21:15:53,619 INFO [Thread-0] c.d.l.s.s.c.SocketAppenderClientStudy test 1543238153618
2018-11-26 21:15:53,765 INFO [Thread-0] c.d.l.s.s.c.SocketAppenderClientStudy test 1543238153765
2018-11-26 21:15:54,066 INFO [Thread-0] c.d.l.s.s.c.SocketAppenderClientStudy test 1543238154066
2018-11-26 21:15:54,070 INFO [main] c.d.l.s.s.c.SocketAppenderClientStudy test 1543238154070
2018-11-26 21:15:54,322 INFO [main] c.d.l.s.s.c.SocketAppenderClientStudy test 1543238154322
2018-11-26 21:15:54,367 INFO [Thread-0] c.d.l.s.s.c.SocketAppenderClientStudy test 1543238154367
2018-11-26 21:15:54,422 INFO [Thread-0] c.d.l.s.s.c.SocketAppenderClientStudy test 1543238154422
2018-11-26 21:15:54,467 INFO [Thread-0] c.d.l.s.s.c.SocketAppenderClientStudy test 1543238154467
2018-11-26 21:15:54,970 INFO [main] c.d.l.s.s.c.SocketAppenderClientStudy test 1543238154970
2018-11-26 21:15:55,067 INFO [Thread-0] c.d.l.s.s.c.SocketAppenderClientStudy test 1543238155067
2018-11-26 21:15:55,222 INFO [main] c.d.l.s.s.c.SocketAppenderClientStudy test 1543238155222
2018-11-26 21:15:55,223 INFO [Thread-0] c.d.l.s.s.c.SocketAppenderClientStudy test 1543238155223
2018-11-26 21:15:55,368 INFO [Thread-0] c.d.l.s.s.c.SocketAppenderClientStudy test 1543238155368
2018-11-26 21:15:55,423 INFO [main] c.d.l.s.s.c.SocketAppenderClientStudy test 1543238155423
2018-11-26 21:15:55,724 INFO [Thread-0] c.d.l.s.s.c.SocketAppenderClientStudy test 1543238155724
2018-11-26 21:15:55,871 INFO [main] c.d.l.s.s.c.SocketAppenderClientStudy test 1543238155871
2018-11-26 21:15:56,023 INFO [main] c.d.l.s.s.c.SocketAppenderClientStudy test 1543238156023
2018-11-26 21:15:56,072 INFO [main] c.d.l.s.s.c.SocketAppenderClientStudy test 1543238156072
2018-11-26 21:15:56,168 INFO [Thread-0] c.d.l.s.s.c.SocketAppenderClientStudy test 1543238156168
2018-11-26 21:15:56,324 INFO [Thread-0] c.d.l.s.s.c.SocketAppenderClientStudy test 1543238156324
2018-11-26 21:15:56,425 INFO [Thread-0] c.d.l.s.s.c.SocketAppenderClientStudy test 1543238156425
2018-11-26 21:15:56,572 INFO [main] c.d.l.s.s.c.SocketAppenderClientStudy test 1543238156572
2018-11-26 21:15:56,668 INFO [Thread-0] c.d.l.s.s.c.SocketAppenderClientStudy test 1543238156668
2018-11-26 21:15:56,823 INFO [main] c.d.l.s.s.c.SocketAppenderClientStudy test 1543238156823
2018-11-26 21:15:56,868 INFO [Thread-0] c.d.l.s.s.c.SocketAppenderClientStudy test 1543238156868
2018-11-26 21:15:56,872 INFO [main] c.d.l.s.s.c.SocketAppenderClientStudy test 1543238156872
2018-11-26 21:15:57,073 INFO [main] c.d.l.s.s.c.SocketAppenderClientStudy test 1543238157073
2018-11-26 21:15:57,123 INFO [main] c.d.l.s.s.c.SocketAppenderClientStudy test 1543238157123
2018-11-26 21:15:57,224 INFO [main] c.d.l.s.s.c.SocketAppenderClientStudy test 1543238157224
2018-11-26 21:15:57,325 INFO [Thread-0] c.d.l.s.s.c.SocketAppenderClientStudy test 1543238157325
2018-11-26 21:15:57,424 INFO [main] c.d.l.s.s.c.SocketAppenderClientStudy test 1543238157424
2018-11-26 21:15:57,469 INFO [Thread-0] c.d.l.s.s.c.SocketAppenderClientStudy test 1543238157469
2018-11-26 21:15:57,824 INFO [main] c.d.l.s.s.c.SocketAppenderClientStudy test 1543238157824
2018-11-26 21:15:57,973 INFO [main] c.d.l.s.s.c.SocketAppenderClientStudy test 1543238157973
2018-11-26 21:15:58,225 INFO [main] c.d.l.s.s.c.SocketAppenderClientStudy test 1543238158225
2018-11-26 21:15:58,226 INFO [Thread-0] c.d.l.s.s.c.SocketAppenderClientStudy test 1543238158226
2018-11-26 21:15:58,369 INFO [Thread-0] c.d.l.s.s.c.SocketAppenderClientStudy test 1543238158369
2018-11-26 21:15:58,773 INFO [main] c.d.l.s.s.c.SocketAppenderClientStudy test 1543238158773
2018-11-26 21:15:58,825 INFO [main] c.d.l.s.s.c.SocketAppenderClientStudy test 1543238158825
2018-11-26 21:15:59,026 INFO [Thread-0] c.d.l.s.s.c.SocketAppenderClientStudy test 1543238159026
2018-11-26 21:15:59,169 INFO [Thread-0] c.d.l.s.s.c.SocketAppenderClientStudy test 1543238159169
2018-11-26 21:15:59,169 INFO [Thread-0] c.d.l.s.s.c.SocketAppenderClientStudy test 1543238159169
2018-11-26 21:15:59,226 INFO [main] c.d.l.s.s.c.SocketAppenderClientStudy test 1543238159226
2018-11-26 21:15:59,526 INFO [main] c.d.l.s.s.c.SocketAppenderClientStudy test 1543238159526
2018-11-26 21:15:59,574 INFO [main] c.d.l.s.s.c.SocketAppenderClientStudy test 1543238159574
2018-11-26 21:15:59,626 INFO [Thread-0] c.d.l.s.s.c.SocketAppenderClientStudy test 1543238159626
2018-11-26 21:15:59,670 INFO [Thread-0] c.d.l.s.s.c.SocketAppenderClientStudy test 1543238159670
2018-11-26 21:15:59,670 INFO [Thread-0] c.d.l.s.s.c.SocketAppenderClientStudy test 1543238159670
2018-11-26 21:15:59,870 INFO [Thread-0] c.d.l.s.s.c.SocketAppenderClientStudy test 1543238159870
2018-11-26 21:15:59,970 INFO [Thread-0] c.d.l.s.s.c.SocketAppenderClientStudy test 1543238159970
2018-11-26 21:16:00,174 INFO [main] c.d.l.s.s.c.SocketAppenderClientStudy test 1543238160174
2018-11-26 21:16:00,327 INFO [main] c.d.l.s.s.c.SocketAppenderClientStudy test 1543238160327
2018-11-26 21:16:00,327 INFO [main] c.d.l.s.s.c.SocketAppenderClientStudy test 1543238160327
2018-11-26 21:16:00,475 INFO [main] c.d.l.s.s.c.SocketAppenderClientStudy test 1543238160475
2018-11-26 21:16:00,527 INFO [Thread-0] c.d.l.s.s.c.SocketAppenderClientStudy test 1543238160527
2018-11-26 21:16:00,770 INFO [Thread-0] c.d.l.s.s.c.SocketAppenderClientStudy test 1543238160770
2018-11-26 21:16:00,927 INFO [main] c.d.l.s.s.c.SocketAppenderClientStudy test 1543238160927
2018-11-26 21:16:00,927 INFO [main] c.d.l.s.s.c.SocketAppenderClientStudy test 1543238160927
2018-11-26 21:16:01,028 INFO [main] c.d.l.s.s.c.SocketAppenderClientStudy test 1543238161028
2018-11-26 21:16:01,127 INFO [Thread-0] c.d.l.s.s.c.SocketAppenderClientStudy test 1543238161127
2018-11-26 21:16:01,370 INFO [Thread-0] c.d.l.s.s.c.SocketAppenderClientStudy test 1543238161370
2018-11-26 21:16:01,375 INFO [main] c.d.l.s.s.c.SocketAppenderClientStudy test 1543238161375
2018-11-26 21:16:01,671 INFO [Thread-0] c.d.l.s.s.c.SocketAppenderClientStudy test 1543238161671
2018-11-26 21:16:01,728 INFO [main] c.d.l.s.s.c.SocketAppenderClientStudy test 1543238161728
2018-11-26 21:16:01,928 INFO [Thread-0] c.d.l.s.s.c.SocketAppenderClientStudy test 1543238161928
2018-11-26 21:16:02,076 INFO [main] c.d.l.s.s.c.SocketAppenderClientStudy test 1543238162076
2018-11-26 21:16:02,128 INFO [main] c.d.l.s.s.c.SocketAppenderClientStudy test 1543238162128
2018-11-26 21:16:02,128 INFO [main] c.d.l.s.s.c.SocketAppenderClientStudy test 1543238162128
2018-11-26 21:16:02,276 INFO [main] c.d.l.s.s.c.SocketAppenderClientStudy test 1543238162276
2018-11-26 21:16:02,276 INFO [main] c.d.l.s.s.c.SocketAppenderClientStudy test 1543238162276
2018-11-26 21:16:02,428 INFO [main] c.d.l.s.s.c.SocketAppenderClientStudy test 1543238162428
2018-11-26 21:16:02,428 INFO [main] c.d.l.s.s.c.SocketAppenderClientStudy test 1543238162428
2018-11-26 21:16:02,428 INFO [main] c.d.l.s.s.c.SocketAppenderClientStudy test 1543238162428
2018-11-26 21:16:02,472 INFO [Thread-0] c.d.l.s.s.c.SocketAppenderClientStudy test 1543238162472
2018-11-26 21:16:02,528 INFO [Thread-0] c.d.l.s.s.c.SocketAppenderClientStudy test 1543238162528
2018-11-26 21:16:02,829 INFO [Thread-0] c.d.l.s.s.c.SocketAppenderClientStudy test 1543238162829
2018-11-26 21:16:02,929 INFO [Thread-0] c.d.l.s.s.c.SocketAppenderClientStudy test 1543238162929
2018-11-26 21:16:02,972 INFO [Thread-0] c.d.l.s.s.c.SocketAppenderClientStudy test 1543238162972
2018-11-26 21:16:03,073 INFO [Thread-0] c.d.l.s.s.c.SocketAppenderClientStudy test 1543238163073
2018-11-26 21:16:03,073 INFO [Thread-0] c.d.l.s.s.c.SocketAppenderClientStudy test 1543238163073
2018-11-26 21:16:03,077 INFO [main] c.d.l.s.s.c.SocketAppenderClientStudy test 1543238163077
2018-11-26 21:16:03,128 INFO [main] c.d.l.s.s.c.SocketAppenderClientStudy test 1543238163128
2018-11-26 21:16:03,329 INFO [main] c.d.l.s.s.c.SocketAppenderClientStudy test 1543238163329
2018-11-26 21:16:03,330 INFO [Thread-0] c.d.l.s.s.c.SocketAppenderClientStudy test 1543238163330
2018-11-26 21:16:03,373 INFO [Thread-0] c.d.l.s.s.c.SocketAppenderClientStudy test 1543238163373
2018-11-26 21:16:03,629 INFO [main] c.d.l.s.s.c.SocketAppenderClientStudy test 1543238163629
2018-11-26 21:16:03,730 INFO [main] c.d.l.s.s.c.SocketAppenderClientStudy test 1543238163730
2018-11-26 21:16:03,774 INFO [Thread-0] c.d.l.s.s.c.SocketAppenderClientStudy test 1543238163774
2018-11-26 21:16:03,774 INFO [Thread-0] c.d.l.s.s.c.SocketAppenderClientStudy test 1543238163774
2018-11-26 21:16:03,974 INFO [Thread-0] c.d.l.s.s.c.SocketAppenderClientStudy test 1543238163974
2018-11-26 21:16:03,977 INFO [main] c.d.l.s.s.c.SocketAppenderClientStudy test 1543238163977
2018-11-26 21:16:04,230 INFO [Thread-0] c.d.l.s.s.c.SocketAppenderClientStudy test 1543238164230
2018-11-26 21:16:04,330 INFO [main] c.d.l.s.s.c.SocketAppenderClientStudy test 1543238164330
2018-11-26 21:16:04,374 INFO [Thread-0] c.d.l.s.s.c.SocketAppenderClientStudy test 1543238164374
2018-11-26 21:16:04,374 INFO [Thread-0] c.d.l.s.s.c.SocketAppenderClientStudy test 1543238164374
2018-11-26 21:16:04,378 INFO [main] c.d.l.s.s.c.SocketAppenderClientStudy test 1543238164378
2018-11-26 21:16:04,431 INFO [main] c.d.l.s.s.c.SocketAppenderClientStudy test 1543238164431
2018-11-26 21:16:04,775 INFO [Thread-0] c.d.l.s.s.c.SocketAppenderClientStudy test 1543238164775
2018-11-26 21:16:04,831 INFO [Thread-0] c.d.l.s.s.c.SocketAppenderClientStudy test 1543238164831
2018-11-26 21:16:04,932 INFO [main] c.d.l.s.s.c.SocketAppenderClientStudy test 1543238164932
2018-11-26 21:16:04,979 INFO [main] c.d.l.s.s.c.SocketAppenderClientStudy test 1543238164979
2018-11-26 21:16:05,079 INFO [main] c.d.l.s.s.c.SocketAppenderClientStudy test 1543238165079
2018-11-26 21:16:05,132 INFO [Thread-0] c.d.l.s.s.c.SocketAppenderClientStudy test 1543238165132
2018-11-26 21:16:05,132 INFO [Thread-0] c.d.l.s.s.c.SocketAppenderClientStudy test 1543238165132
2018-11-26 21:16:05,132 INFO [Thread-0] c.d.l.s.s.c.SocketAppenderClientStudy test 1543238165132
2018-11-26 21:16:05,275 INFO [Thread-0] c.d.l.s.s.c.SocketAppenderClientStudy test 1543238165275
2018-11-26 21:16:05,280 INFO [main] c.d.l.s.s.c.SocketAppenderClientStudy test 1543238165280
2018-11-26 21:16:07,564 INFO [Logback MySimpleSocketServer (port 9000)] c.q.l.c.n.SimpleSocketServer Listening on port 9000
2018-11-26 21:16:07,566 INFO [Logback MySimpleSocketServer (port 9000)] c.q.l.c.n.SimpleSocketServer Waiting to accept a new client.
2018-11-26 21:16:07,740 INFO [Logback MySimpleSocketServer (port 9000)] c.q.l.c.n.SimpleSocketServer Connected to client at /127.0.0.1
2018-11-26 21:16:07,740 INFO [Logback MySimpleSocketServer (port 9000)] c.q.l.c.n.SimpleSocketServer Starting new socket node.
2018-11-26 21:16:07,741 INFO [Logback MySimpleSocketServer (port 9000)] c.q.l.c.n.SimpleSocketServer Waiting to accept a new client.
2018-11-26 21:16:05,733 INFO [Thread-0] c.d.l.s.s.c.SocketAppenderClientStudy test 1543238165733
2018-11-26 21:16:05,733 INFO [Thread-0] c.d.l.s.s.c.SocketAppenderClientStudy test 1543238165733
2018-11-26 21:16:05,733 INFO [Thread-0] c.d.l.s.s.c.SocketAppenderClientStudy test 1543238165733
2018-11-26 21:16:05,832 INFO [main] c.d.l.s.s.c.SocketAppenderClientStudy test 1543238165832
2018-11-26 21:16:06,033 INFO [Thread-0] c.d.l.s.s.c.SocketAppenderClientStudy test 1543238166033
2018-11-26 21:16:06,132 INFO [main] c.d.l.s.s.c.SocketAppenderClientStudy test 1543238166132
2018-11-26 21:16:06,134 INFO [Thread-0] c.d.l.s.s.c.SocketAppenderClientStudy test 1543238166134
2018-11-26 21:16:06,332 INFO [main] c.d.l.s.s.c.SocketAppenderClientStudy test 1543238166332
2018-11-26 21:16:06,733 INFO [main] c.d.l.s.s.c.SocketAppenderClientStudy test 1543238166733
2018-11-26 21:16:06,833 INFO [main] c.d.l.s.s.c.SocketAppenderClientStudy test 1543238166833
2018-11-26 21:16:07,034 INFO [Thread-0] c.d.l.s.s.c.SocketAppenderClientStudy test 1543238167034
2018-11-26 21:16:07,334 INFO [main] c.d.l.s.s.c.SocketAppenderClientStudy test 1543238167334
2018-11-26 21:16:07,334 INFO [main] c.d.l.s.s.c.SocketAppenderClientStudy test 1543238167334
2018-11-26 21:16:07,735 INFO [main] c.d.l.s.s.c.SocketAppenderClientStudy test 1543238167735
2018-11-26 21:16:07,935 INFO [Thread-0] c.d.l.s.s.c.SocketAppenderClientStudy test 1543238167935
2018-11-26 21:16:08,535 INFO [main] c.d.l.s.s.c.SocketAppenderClientStudy test 1543238168535
2018-11-26 21:16:08,735 INFO [Thread-0] c.d.l.s.s.c.SocketAppenderClientStudy test 1543238168735
2018-11-26 21:16:09,135 INFO [main] c.d.l.s.s.c.SocketAppenderClientStudy test 1543238169135
2018-11-26 21:16:09,135 INFO [main] c.d.l.s.s.c.SocketAppenderClientStudy test 1543238169135
2018-11-26 21:16:09,336 INFO [main] c.d.l.s.s.c.SocketAppenderClientStudy test 1543238169336
2018-11-26 21:16:09,436 INFO [main] c.d.l.s.s.c.SocketAppenderClientStudy test 1543238169436
2018-11-26 21:16:09,535 INFO [Thread-0] c.d.l.s.s.c.SocketAppenderClientStudy test 1543238169535
2018-11-26 21:16:09,736 INFO [main] c.d.l.s.s.c.SocketAppenderClientStudy test 1543238169736
2018-11-26 21:16:09,936 INFO [Thread-0] c.d.l.s.s.c.SocketAppenderClientStudy test 1543238169936
2018-11-26 21:16:10,436 INFO [main] c.d.l.s.s.c.SocketAppenderClientStudy test 1543238170436
2018-11-26 21:16:10,637 INFO [Thread-0] c.d.l.s.s.c.SocketAppenderClientStudy test 1543238170637
2018-11-26 21:16:11,036 INFO [main] c.d.l.s.s.c.SocketAppenderClientStudy test 1543238171036
2018-11-26 21:16:11,037 INFO [Thread-0] c.d.l.s.s.c.SocketAppenderClientStudy test 1543238171037
2018-11-26 21:16:11,238 INFO [main] c.d.l.s.s.c.SocketAppenderClientStudy test 1543238171238
2018-11-26 21:16:11,538 INFO [Thread-0] c.d.l.s.s.c.SocketAppenderClientStudy test 1543238171538
2018-11-26 21:16:12,038 INFO [main] c.d.l.s.s.c.SocketAppenderClientStudy test 1543238172038
2018-11-26 21:16:12,339 INFO [Thread-0] c.d.l.s.s.c.SocketAppenderClientStudy test 1543238172339
2018-11-26 21:16:12,438 INFO [main] c.d.l.s.s.c.SocketAppenderClientStudy test 1543238172438
2018-11-26 21:16:12,839 INFO [Thread-0] c.d.l.s.s.c.SocketAppenderClientStudy test 1543238172839
2018-11-26 21:16:13,139 INFO [main] c.d.l.s.s.c.SocketAppenderClientStudy test 1543238173139
2018-11-26 21:16:13,139 INFO [main] c.d.l.s.s.c.SocketAppenderClientStudy test 1543238173139
2018-11-26 21:16:13,439 INFO [main] c.d.l.s.s.c.SocketAppenderClientStudy test 1543238173439
2018-11-26 21:16:13,740 INFO [Thread-0] c.d.l.s.s.c.SocketAppenderClientStudy test 1543238173740
2018-11-26 21:16:13,939 INFO [main] c.d.l.s.s.c.SocketAppenderClientStudy test 1543238173939
2018-11-26 21:16:14,341 INFO [Thread-0] c.d.l.s.s.c.SocketAppenderClientStudy test 1543238174341
2018-11-26 21:16:14,839 INFO [main] c.d.l.s.s.c.SocketAppenderClientStudy test 1543238174839
2018-11-26 21:16:15,141 INFO [Thread-0] c.d.l.s.s.c.SocketAppenderClientStudy test 1543238175141
2018-11-26 21:16:15,240 INFO [main] c.d.l.s.s.c.SocketAppenderClientStudy test 1543238175240
2018-11-26 21:16:15,240 INFO [main] c.d.l.s.s.c.SocketAppenderClientStudy test 1543238175240
2018-11-26 21:16:15,340 INFO [main] c.d.l.s.s.c.SocketAppenderClientStudy test 1543238175340
2018-11-26 21:16:15,741 INFO [Thread-0] c.d.l.s.s.c.SocketAppenderClientStudy test 1543238175741
2018-11-26 21:16:16,140 INFO [main] c.d.l.s.s.c.SocketAppenderClientStudy test 1543238176140
2018-11-26 21:16:16,383 INFO [Logback MySimpleSocketServer (port 9000)] c.q.l.c.n.SimpleSocketServer Connected to client at /127.0.0.1
2018-11-26 21:16:16,383 INFO [Logback MySimpleSocketServer (port 9000)] c.q.l.c.n.SimpleSocketServer Starting new socket node.
2018-11-26 21:16:16,383 INFO [Logback MySimpleSocketServer (port 9000)] c.q.l.c.n.SimpleSocketServer Waiting to accept a new client.
2018-11-26 21:16:05,380 INFO [main] c.d.l.s.s.c.SocketAppenderClientStudy test 1543238165380
2018-11-26 21:16:05,676 INFO [Thread-0] c.d.l.s.s.c.SocketAppenderClientStudy test 1543238165676
2018-11-26 21:16:05,780 INFO [main] c.d.l.s.s.c.SocketAppenderClientStudy test 1543238165780
2018-11-26 21:16:06,276 INFO [Thread-0] c.d.l.s.s.c.SocketAppenderClientStudy test 1543238166276
2018-11-26 21:16:06,381 INFO [main] c.d.l.s.s.c.SocketAppenderClientStudy test 1543238166381
2018-11-26 21:16:06,581 INFO [main] c.d.l.s.s.c.SocketAppenderClientStudy test 1543238166581
2018-11-26 21:16:06,982 INFO [main] c.d.l.s.s.c.SocketAppenderClientStudy test 1543238166982
2018-11-26 21:16:07,076 INFO [Thread-0] c.d.l.s.s.c.SocketAppenderClientStudy test 1543238167076
2018-11-26 21:16:07,476 INFO [Thread-0] c.d.l.s.s.c.SocketAppenderClientStudy test 1543238167476
2018-11-26 21:16:07,483 INFO [main] c.d.l.s.s.c.SocketAppenderClientStudy test 1543238167483
2018-11-26 21:16:07,683 INFO [main] c.d.l.s.s.c.SocketAppenderClientStudy test 1543238167683
2018-11-26 21:16:08,376 INFO [Thread-0] c.d.l.s.s.c.SocketAppenderClientStudy test 1543238168376
2018-11-26 21:16:08,384 INFO [main] c.d.l.s.s.c.SocketAppenderClientStudy test 1543238168384
2018-11-26 21:16:08,477 INFO [Thread-0] c.d.l.s.s.c.SocketAppenderClientStudy test 1543238168477
2018-11-26 21:16:08,884 INFO [main] c.d.l.s.s.c.SocketAppenderClientStudy test 1543238168884
2018-11-26 21:16:09,377 INFO [Thread-0] c.d.l.s.s.c.SocketAppenderClientStudy test 1543238169377
2018-11-26 21:16:09,685 INFO [main] c.d.l.s.s.c.SocketAppenderClientStudy test 1543238169685
2018-11-26 21:16:09,778 INFO [Thread-0] c.d.l.s.s.c.SocketAppenderClientStudy test 1543238169778
2018-11-26 21:16:09,778 INFO [Thread-0] c.d.l.s.s.c.SocketAppenderClientStudy test 1543238169778
2018-11-26 21:16:09,985 INFO [main] c.d.l.s.s.c.SocketAppenderClientStudy test 1543238169985
2018-11-26 21:16:10,678 INFO [Thread-0] c.d.l.s.s.c.SocketAppenderClientStudy test 1543238170678
2018-11-26 21:16:10,785 INFO [main] c.d.l.s.s.c.SocketAppenderClientStudy test 1543238170785
2018-11-26 21:16:10,879 INFO [Thread-0] c.d.l.s.s.c.SocketAppenderClientStudy test 1543238170879
2018-11-26 21:16:11,279 INFO [Thread-0] c.d.l.s.s.c.SocketAppenderClientStudy test 1543238171279
2018-11-26 21:16:11,286 INFO [main] c.d.l.s.s.c.SocketAppenderClientStudy test 1543238171286
2018-11-26 21:16:11,886 INFO [main] c.d.l.s.s.c.SocketAppenderClientStudy test 1543238171886
2018-11-26 21:16:12,179 INFO [Thread-0] c.d.l.s.s.c.SocketAppenderClientStudy test 1543238172179
2018-11-26 21:16:12,687 INFO [main] c.d.l.s.s.c.SocketAppenderClientStudy test 1543238172687
2018-11-26 21:16:12,787 INFO [main] c.d.l.s.s.c.SocketAppenderClientStudy test 1543238172787
2018-11-26 21:16:12,880 INFO [Thread-0] c.d.l.s.s.c.SocketAppenderClientStudy test 1543238172880
2018-11-26 21:16:12,981 INFO [Thread-0] c.d.l.s.s.c.SocketAppenderClientStudy test 1543238172981
2018-11-26 21:16:13,187 INFO [main] c.d.l.s.s.c.SocketAppenderClientStudy test 1543238173187
2018-11-26 21:16:13,281 INFO [Thread-0] c.d.l.s.s.c.SocketAppenderClientStudy test 1543238173281
2018-11-26 21:16:13,287 INFO [main] c.d.l.s.s.c.SocketAppenderClientStudy test 1543238173287
2018-11-26 21:16:14,087 INFO [main] c.d.l.s.s.c.SocketAppenderClientStudy test 1543238174087
2018-11-26 21:16:14,182 INFO [Thread-0] c.d.l.s.s.c.SocketAppenderClientStudy test 1543238174182
2018-11-26 21:16:14,182 INFO [Thread-0] c.d.l.s.s.c.SocketAppenderClientStudy test 1543238174182
2018-11-26 21:16:14,888 INFO [main] c.d.l.s.s.c.SocketAppenderClientStudy test 1543238174888
2018-11-26 21:16:14,982 INFO [Thread-0] c.d.l.s.s.c.SocketAppenderClientStudy test 1543238174982
2018-11-26 21:16:15,183 INFO [Thread-0] c.d.l.s.s.c.SocketAppenderClientStudy test 1543238175183
2018-11-26 21:16:15,388 INFO [main] c.d.l.s.s.c.SocketAppenderClientStudy test 1543238175388
2018-11-26 21:16:15,983 INFO [Thread-0] c.d.l.s.s.c.SocketAppenderClientStudy test 1543238175983
2018-11-26 21:16:16,088 INFO [main] c.d.l.s.s.c.SocketAppenderClientStudy test 1543238176088
2018-11-26 21:16:16,288 INFO [main] c.d.l.s.s.c.SocketAppenderClientStudy test 1543238176288
2018-11-26 21:16:16,384 INFO [Thread-0] c.d.l.s.s.c.SocketAppenderClientStudy test 1543238176384
2018-11-26 21:16:16,489 INFO [main] c.d.l.s.s.c.SocketAppenderClientStudy test 1543238176489
2018-11-26 21:16:16,542 INFO [Thread-0] c.d.l.s.s.c.SocketAppenderClientStudy test 1543238176542
2018-11-26 21:16:16,741 INFO [main] c.d.l.s.s.c.SocketAppenderClientStudy test 1543238176741
2018-11-26 21:16:16,785 INFO [Thread-0] c.d.l.s.s.c.SocketAppenderClientStudy test 1543238176785
2018-11-26 21:16:16,785 INFO [Thread-0] c.d.l.s.s.c.SocketAppenderClientStudy test 1543238176785
2018-11-26 21:16:16,886 INFO [Thread-0] c.d.l.s.s.c.SocketAppenderClientStudy test 1543238176886
2018-11-26 21:16:17,342 INFO [Thread-0] c.d.l.s.s.c.SocketAppenderClientStudy test 1543238177342
2018-11-26 21:16:17,390 INFO [main] c.d.l.s.s.c.SocketAppenderClientStudy test 1543238177390
2018-11-26 21:16:17,441 INFO [main] c.d.l.s.s.c.SocketAppenderClientStudy test 1543238177441
2018-11-26 21:16:17,542 INFO [Thread-0] c.d.l.s.s.c.SocketAppenderClientStudy test 1543238177542
2018-11-26 21:16:17,642 INFO [Thread-0] c.d.l.s.s.c.SocketAppenderClientStudy test 1543238177642
2018-11-26 21:16:17,685 INFO [Thread-0] c.d.l.s.s.c.SocketAppenderClientStudy test 1543238177685
2018-11-26 21:16:17,888 INFO [Thread-0] c.d.l.s.s.c.SocketAppenderClientStudy test 1543238177888
2018-11-26 21:16:17,911 INFO [Logback MySimpleSocketServer (port 9000)] c.q.l.c.n.SimpleSocketServer Connected to client at /127.0.0.1
2018-11-26 21:16:17,911 INFO [Logback MySimpleSocketServer (port 9000)] c.q.l.c.n.SimpleSocketServer Starting new socket node.
2018-11-26 21:16:17,912 INFO [Logback MySimpleSocketServer (port 9000)] c.q.l.c.n.SimpleSocketServer Waiting to accept a new client.
2018-11-26 21:16:17,946 INFO [main] c.d.l.s.s.c.SocketAppenderClientStudy test 1543238177945
2018-11-26 21:16:17,946 INFO [Thread-0] c.d.l.s.s.c.SocketAppenderClientStudy test 1543238177946
2018-11-26 21:16:18,090 INFO [main] c.d.l.s.s.c.SocketAppenderClientStudy test 1543238178090
2018-11-26 21:16:18,090 INFO [main] c.d.l.s.s.c.SocketAppenderClientStudy test 1543238178090
2018-11-26 21:16:18,141 INFO [main] c.d.l.s.s.c.SocketAppenderClientStudy test 1543238178141
2018-11-26 21:16:18,142 INFO [Thread-0] c.d.l.s.s.c.SocketAppenderClientStudy test 1543238178142
2018-11-26 21:16:18,190 INFO [main] c.d.l.s.s.c.SocketAppenderClientStudy test 1543238178190
2018-11-26 21:16:18,289 INFO [Thread-0] c.d.l.s.s.c.SocketAppenderClientStudy test 1543238178289
2018-11-26 21:16:18,350 INFO [main] c.d.l.s.s.c.SocketAppenderClientStudy test 1543238178350
2018-11-26 21:16:18,651 INFO [main] c.d.l.s.s.c.SocketAppenderClientStudy test 1543238178651
2018-11-26 21:16:18,742 INFO [main] c.d.l.s.s.c.SocketAppenderClientStudy test 1543238178742
2018-11-26 21:16:18,750 INFO [Thread-0] c.d.l.s.s.c.SocketAppenderClientStudy test 1543238178750
2018-11-26 21:16:18,790 INFO [main] c.d.l.s.s.c.SocketAppenderClientStudy test 1543238178790
2018-11-26 21:16:18,943 INFO [Thread-0] c.d.l.s.s.c.SocketAppenderClientStudy test 1543238178943
2018-11-26 21:16:19,050 INFO [Thread-0] c.d.l.s.s.c.SocketAppenderClientStudy test 1543238179050
2018-11-26 21:16:19,190 INFO [Thread-0] c.d.l.s.s.c.SocketAppenderClientStudy test 1543238179190
2018-11-26 21:16:19,343 INFO [Thread-0] c.d.l.s.s.c.SocketAppenderClientStudy test 1543238179343
2018-11-26 21:16:19,343 INFO [main] c.d.l.s.s.c.SocketAppenderClientStudy test 1543238179343
2018-11-26 21:16:19,343 INFO [Thread-0] c.d.l.s.s.c.SocketAppenderClientStudy test 1543238179343
2018-11-26 21:16:19,343 INFO [main] c.d.l.s.s.c.SocketAppenderClientStudy test 1543238179343
2018-11-26 21:16:19,390 INFO [main] c.d.l.s.s.c.SocketAppenderClientStudy test 1543238179390
2018-11-26 21:16:19,390 INFO [Thread-0] c.d.l.s.s.c.SocketAppenderClientStudy test 1543238179390
2018-11-26 21:16:19,552 INFO [main] c.d.l.s.s.c.SocketAppenderClientStudy test 1543238179552
2018-11-26 21:16:19,650 INFO [Thread-0] c.d.l.s.s.c.SocketAppenderClientStudy test 1543238179650
2018-11-26 21:16:19,744 INFO [Thread-0] c.d.l.s.s.c.SocketAppenderClientStudy test 1543238179744
2018-11-26 21:16:19,744 INFO [Thread-0] c.d.l.s.s.c.SocketAppenderClientStudy test 1543238179744
2018-11-26 21:16:19,744 INFO [Thread-0] c.d.l.s.s.c.SocketAppenderClientStudy test 1543238179744
2018-11-26 21:16:19,752 INFO [main] c.d.l.s.s.c.SocketAppenderClientStudy test 1543238179752
2018-11-26 21:16:20,143 INFO [main] c.d.l.s.s.c.SocketAppenderClientStudy test 1543238180143
2018-11-26 21:16:20,144 INFO [Thread-0] c.d.l.s.s.c.SocketAppenderClientStudy test 1543238180144
2018-11-26 21:16:20,191 INFO [Thread-0] c.d.l.s.s.c.SocketAppenderClientStudy test 1543238180191
2018-11-26 21:16:20,191 INFO [main] c.d.l.s.s.c.SocketAppenderClientStudy test 1543238180191
2018-11-26 21:16:20,191 INFO [Thread-0] c.d.l.s.s.c.SocketAppenderClientStudy test 1543238180191
2018-11-26 21:16:20,252 INFO [main] c.d.l.s.s.c.SocketAppenderClientStudy test 1543238180252
2018-11-26 21:16:20,451 INFO [Thread-0] c.d.l.s.s.c.SocketAppenderClientStudy test 1543238180451
2018-11-26 21:16:20,492 INFO [main] c.d.l.s.s.c.SocketAppenderClientStudy test 1543238180492
2018-11-26 21:16:20,644 INFO [main] c.d.l.s.s.c.SocketAppenderClientStudy test 1543238180644
2018-11-26 21:16:20,652 INFO [main] c.d.l.s.s.c.SocketAppenderClientStudy test 1543238180652
2018-11-26 21:16:20,791 INFO [Thread-0] c.d.l.s.s.c.SocketAppenderClientStudy test 1543238180791
2018-11-26 21:16:21,044 INFO [Thread-0] c.d.l.s.s.c.SocketAppenderClientStudy test 1543238181044
2018-11-26 21:16:21,192 INFO [Thread-0] c.d.l.s.s.c.SocketAppenderClientStudy test 1543238181192
2018-11-26 21:16:21,244 INFO [main] c.d.l.s.s.c.SocketAppenderClientStudy test 1543238181244
2018-11-26 21:16:21,292 INFO [main] c.d.l.s.s.c.SocketAppenderClientStudy test 1543238181292
2018-11-26 21:16:21,292 INFO [main] c.d.l.s.s.c.SocketAppenderClientStudy test 1543238181292
2018-11-26 21:16:21,351 INFO [Thread-0] c.d.l.s.s.c.SocketAppenderClientStudy test 1543238181351
2018-11-26 21:16:21,453 INFO [main] c.d.l.s.s.c.SocketAppenderClientStudy test 1543238181453
2018-11-26 21:16:21,592 INFO [Thread-0] c.d.l.s.s.c.SocketAppenderClientStudy test 1543238181592
2018-11-26 21:16:21,645 INFO [Thread-0] c.d.l.s.s.c.SocketAppenderClientStudy test 1543238181645
2018-11-26 21:16:21,792 INFO [main] c.d.l.s.s.c.SocketAppenderClientStudy test 1543238181792
2018-11-26 21:16:21,845 INFO [Thread-0] c.d.l.s.s.c.SocketAppenderClientStudy test 1543238181845
2018-11-26 21:16:21,952 INFO [Thread-0] c.d.l.s.s.c.SocketAppenderClientStudy test 1543238181952
2018-11-26 21:16:22,045 INFO [main] c.d.l.s.s.c.SocketAppenderClientStudy test 1543238182045
2018-11-26 21:16:22,093 INFO [main] c.d.l.s.s.c.SocketAppenderClientStudy test 1543238182093
2018-11-26 21:16:22,192 INFO [Thread-0] c.d.l.s.s.c.SocketAppenderClientStudy test 1543238182192
2018-11-26 21:16:22,193 INFO [main] c.d.l.s.s.c.SocketAppenderClientStudy test 1543238182193
2018-11-26 21:16:22,252 INFO [Thread-0] c.d.l.s.s.c.SocketAppenderClientStudy test 1543238182252
2018-11-26 21:16:22,345 INFO [Thread-0] c.d.l.s.s.c.SocketAppenderClientStudy test 1543238182345
2018-11-26 21:16:22,353 INFO [main] c.d.l.s.s.c.SocketAppenderClientStudy test 1543238182353
2018-11-26 21:16:22,393 INFO [main] c.d.l.s.s.c.SocketAppenderClientStudy test 1543238182393
2018-11-26 21:16:22,553 INFO [main] c.d.l.s.s.c.SocketAppenderClientStudy test 1543238182553
2018-11-26 21:16:22,745 INFO [main] c.d.l.s.s.c.SocketAppenderClientStudy test 1543238182745
2018-11-26 21:16:22,745 INFO [Thread-0] c.d.l.s.s.c.SocketAppenderClientStudy test 1543238182745
2018-11-26 21:16:22,752 INFO [Thread-0] c.d.l.s.s.c.SocketAppenderClientStudy test 1543238182752
2018-11-26 21:16:22,793 INFO [Thread-0] c.d.l.s.s.c.SocketAppenderClientStudy test 1543238182793
2018-11-26 21:16:22,893 INFO [main] c.d.l.s.s.c.SocketAppenderClientStudy test 1543238182893
2018-11-26 21:16:23,193 INFO [Thread-0] c.d.l.s.s.c.SocketAppenderClientStudy test 1543238183193
2018-11-26 21:16:23,246 INFO [Thread-0] c.d.l.s.s.c.SocketAppenderClientStudy test 1543238183246
2018-11-26 21:16:23,246 INFO [Thread-0] c.d.l.s.s.c.SocketAppenderClientStudy test 1543238183246
2018-11-26 21:16:23,346 INFO [main] c.d.l.s.s.c.SocketAppenderClientStudy test 1543238183346
2018-11-26 21:16:23,454 INFO [main] c.d.l.s.s.c.SocketAppenderClientStudy test 1543238183454
2018-11-26 21:16:23,553 INFO [Thread-0] c.d.l.s.s.c.SocketAppenderClientStudy test 1543238183553
2018-11-26 21:16:23,553 INFO [Thread-0] c.d.l.s.s.c.SocketAppenderClientStudy test 1543238183553
2018-11-26 21:16:23,554 INFO [main] c.d.l.s.s.c.SocketAppenderClientStudy test 1543238183554
